<html>
<head>
<title>TestNG:  158adxtest</title>
<link href="../testng.css" rel="stylesheet" type="text/css" />
<link href="../my-testng.css" rel="stylesheet" type="text/css" />

<style type="text/css">
.log { display: none;} 
.stack-trace { display: none;} 
</style>
<script type="text/javascript">
<!--
function flip(e) {
  current = e.style.display;
  if (current == 'block') {
    e.style.display = 'none';
    return 0;
  }
  else {
    e.style.display = 'block';
    return 1;
  }
}

function toggleBox(szDivId, elem, msg1, msg2)
{
  var res = -1;  if (document.getElementById) {
    res = flip(document.getElementById(szDivId));
  }
  else if (document.all) {
    // this is the way old msie versions work
    res = flip(document.all[szDivId]);
  }
  if(elem) {
    if(res == 0) elem.innerHTML = msg1; else elem.innerHTML = msg2;
  }

}

function toggleAllBoxes() {
  if (document.getElementsByTagName) {
    d = document.getElementsByTagName('div');
    for (i = 0; i < d.length; i++) {
      if (d[i].className == 'log') {
        flip(d[i]);
      }
    }
  }
}

// -->
</script>

</head>
<body>
<h2 align='center'>158adxtest</h2><table border='1' align="center">
<tr>
<td>Tests passed/Failed/Skipped:</td><td>1/1/2</td>
</tr><tr>
<td>Started on:</td><td>Thu May 03 16:14:15 CST 2018</td>
</tr>
<tr><td>Total time:</td><td>35 seconds (35773 ms)</td>
</tr><tr>
<td>Included groups:</td><td></td>
</tr><tr>
<td>Excluded groups:</td><td></td>
</tr>
</table><p/>
<small><i>(Hover the method name to see the test class name)</i></small><p/>
<table width='100%' border='1' class='invocation-failed'>
<tr><td colspan='4' align='center'><b>FAILED TESTS</b></td></tr>
<tr><td><b>Test method</b></td>
<td width="30%"><b>Exception</b></td>
<td width="10%"><b>Time (seconds)</b></td>
<td><b>Instance</b></td>
</tr>
<tr>
<td title='com.uiframe.testcases.CreateAddAdver.createAdver()'><b>createAdver</b><br>Test class: com.uiframe.testcases.CreateAddAdver<br/>
<a href="#Output-1427775702" onClick='toggleBox("Output-1427775702", this, "Show output", "Hide output");'>Show output</a>

<a href="#Output-1427775702" onClick="toggleAllBoxes();">Show all outputs</a>
<div class='log' id="Output-1427775702">
[info] MainPage使用元素文件xml：webElementInfos\MainPage.xml<br/>
[error] 【投放管理模块】暂未找到，轮询中...<br/>
[error] 【投放管理模块】暂未找到，轮询中...<br/>
[error] 【投放管理模块】暂未找到，轮询中...<br/>
[error] 【投放管理模块】暂未找到，轮询中...<br/>
[error] 【投放管理模块】暂未找到，轮询中...<br/>
[error] 【投放管理模块】暂未找到，轮询中...<br/>
[error] 【投放管理模块】暂未找到，轮询中...<br/>
[error] 【投放管理模块】暂未找到，轮询中...<br/>
[error] 【投放管理模块】暂未找到，轮询中...<br/>
[error] 【投放管理模块】暂未找到，轮询中...<br/>
[error] 【投放管理模块】暂未找到，轮询中...<br/>
[error] 【投放管理模块】识别失败：识别超时<br/>
[info] 截图保存的路径为:screenshotImgs\error_2018_05_03_16_14_50.png<br/>
[info] 截图成功！！！<br/>
<a target='_blank' href="file:D:\Users\admin\workspace2\uiautotest\screenshotImgs\error_2018_05_03_16_14_50.png"><br/>
<img width="350" src="file:D:\Users\admin\workspace2\uiautotest\screenshotImgs\error_2018_05_03_16_14_50.png" />    截图：C:\Users\admin\AppData\Local\Temp\screenshot4698836634584536246.png<br/>
</a><br /><br/>
[error] 不能点击【投放管理模块】原因是：java.lang.NullPointerException<br/>
[error] 【createAdver】测试用例执行失败<br/>
</div>
</td>
<td><div><pre>java.lang.AssertionError: null
	at com.uiframe.baseframe.WebElementUtils.click(WebElementUtils.java:100)
	at com.uiframe.pages.MainPage.clickMdbuyManag(MainPage.java:24)
	at com.uiframe.actions.MainPageAction.inAddAdverPage(MainPageAction.java:26)
	at com.uiframe.testcases.CreateAddAdver.createAdver(CreateAddAdver.java:52)
... Removed 29 stack frames</pre></div><a href='#' onClick='toggleBox("stack-trace1427775702", this, "Click to show all stack frames", "Click to hide stack frames")'>Click to show all stack frames</a>
<div class='stack-trace' id='stack-trace1427775702'><pre>java.lang.AssertionError: null
	at org.testng.Assert.fail(Assert.java:94)
	at org.testng.Assert.fail(Assert.java:101)
	at com.uiframe.baseframe.WebElementUtils.click(WebElementUtils.java:100)
	at com.uiframe.pages.MainPage.clickMdbuyManag(MainPage.java:24)
	at com.uiframe.actions.MainPageAction.inAddAdverPage(MainPageAction.java:26)
	at com.uiframe.testcases.CreateAddAdver.createAdver(CreateAddAdver.java:52)
	at sun.reflect.NativeMethodAccessorImpl.invoke0(Native Method)
	at sun.reflect.NativeMethodAccessorImpl.invoke(NativeMethodAccessorImpl.java:62)
	at sun.reflect.DelegatingMethodAccessorImpl.invoke(DelegatingMethodAccessorImpl.java:43)
	at java.lang.reflect.Method.invoke(Method.java:498)
	at org.testng.internal.MethodInvocationHelper.invokeMethod(MethodInvocationHelper.java:86)
	at org.testng.internal.Invoker.invokeMethod(Invoker.java:643)
	at org.testng.internal.Invoker.retryFailed(Invoker.java:967)
	at org.testng.internal.Invoker.invokeTestMethods(Invoker.java:1146)
	at org.testng.internal.TestMethodWorker.invokeTestMethods(TestMethodWorker.java:129)
	at org.testng.internal.TestMethodWorker.run(TestMethodWorker.java:112)
	at org.testng.TestRunner.privateRun(TestRunner.java:782)
	at org.testng.TestRunner.run(TestRunner.java:632)
	at org.testng.SuiteRunner.runTest(SuiteRunner.java:366)
	at org.testng.SuiteRunner.runSequentially(SuiteRunner.java:361)
	at org.testng.SuiteRunner.privateRun(SuiteRunner.java:319)
	at org.testng.SuiteRunner.run(SuiteRunner.java:268)
	at org.testng.SuiteRunnerWorker.runSuite(SuiteRunnerWorker.java:52)
	at org.testng.SuiteRunnerWorker.run(SuiteRunnerWorker.java:86)
	at org.testng.TestNG.runSuitesSequentially(TestNG.java:1244)
	at org.testng.TestNG.runSuitesLocally(TestNG.java:1169)
	at org.testng.TestNG.run(TestNG.java:1064)
	at org.apache.maven.surefire.testng.TestNGExecutor.run(TestNGExecutor.java:281)
	at org.apache.maven.surefire.testng.TestNGXmlTestSuite.execute(TestNGXmlTestSuite.java:75)
	at org.apache.maven.surefire.testng.TestNGProvider.invoke(TestNGProvider.java:121)
	at org.apache.maven.surefire.booter.ForkedBooter.invokeProviderInSameClassLoader(ForkedBooter.java:290)
	at org.apache.maven.surefire.booter.ForkedBooter.runSuitesInProcess(ForkedBooter.java:242)
	at org.apache.maven.surefire.booter.ForkedBooter.main(ForkedBooter.java:121)
</pre></div></td>
<td>5</td>
<td>com.uiframe.testcases.CreateAddAdver@6fd02e5</td></tr>
</table><p>
<table width='100%' border='1' class='invocation-passed'>
<tr><td colspan='4' align='center'><b>PASSED TESTS</b></td></tr>
<tr><td><b>Test method</b></td>
<td width="30%"><b>Exception</b></td>
<td width="10%"><b>Time (seconds)</b></td>
<td><b>Instance</b></td>
</tr>
<tr>
<td title='com.uiframe.testcases.PLogin.Login()'><b>Login</b><br>Test class: com.uiframe.testcases.PLogin<br>Parameters: com.uiframe.utils.TestCaseBean@4b3a45f1<br/>
<a href="#Output-1765702" onClick='toggleBox("Output-1765702", this, "Show output", "Hide output");'>Show output</a>

<a href="#Output-1765702" onClick="toggleAllBoxes();">Show all outputs</a>
<div class='log' id="Output-1765702">
[info] LoginPage使用元素文件xml：webElementInfos\LoginPage.xml<br/>
[info] 打开网址：http://60.166.12.158:4077/login<br/>
[info] 【用户名输入框】识别成功<br/>
[info] 在【用户名输入框】中输入 admin<br/>
[info] 【密码输入框】识别成功<br/>
[info] 在【密码输入框】中输入 Xylx1.T<br/>
[info] 【验证码图片】识别成功<br/>
[info] 【验证吗输入框】识别成功<br/>
[info] 在【验证吗输入框】中输入 naic

<br/>
[info] MainPage使用元素文件xml：webElementInfos\MainPage.xml<br/>
[error] 【欢迎登陆】暂未找到，轮询中...<br/>
[error] 【欢迎登陆】暂未找到，轮询中...<br/>
[error] 【欢迎登陆】暂未找到，轮询中...<br/>
[error] 【欢迎登陆】暂未找到，轮询中...<br/>
[error] 【欢迎登陆】暂未找到，轮询中...<br/>
[error] 【欢迎登陆】暂未找到，轮询中...<br/>
[error] 【欢迎登陆】暂未找到，轮询中...<br/>
[error] 【欢迎登陆】暂未找到，轮询中...<br/>
[error] 【欢迎登陆】暂未找到，轮询中...<br/>
[error] 【欢迎登陆】暂未找到，轮询中...<br/>
[error] 【欢迎登陆】暂未找到，轮询中...<br/>
[error] 【欢迎登陆】识别失败：识别超时<br/>
[info] 截图保存的路径为:screenshotImgs\error_2018_05_03_16_14_34.png<br/>
[info] 截图成功！！！<br/>
<a target='_blank' href="file:D:\Users\admin\workspace2\uiautotest\screenshotImgs\error_2018_05_03_16_14_34.png"><br/>
<img width="350" src="file:D:\Users\admin\workspace2\uiautotest\screenshotImgs\error_2018_05_03_16_14_34.png" />    截图：C:\Users\admin\AppData\Local\Temp\screenshot3105233181469357780.png<br/>
</a><br /><br/>
<P style="font-size:1.1em;color:#1C9340"><b>┌───────────────────────┤ＣＨＥＣＫ　ＰＯＩＮＴ├───────────────────────┐<br>[目标]：用例:1执行失败<br>[实际]：true　[预期]：true<br>└──────────────────────────────────────────────────────────────────┘</b></P><br/>
[info] 【检查点检查成功】  [实际]：true　[预期]：true<br/>
[info] 【Login】测试用例执行成功<br/>
</div>
</td>
<td></td>
<td>10</td>
<td>com.uiframe.testcases.PLogin@5700d6b1</td></tr>
</table><p>
<table width='100%' border='1' class='invocation-skipped'>
<tr><td colspan='4' align='center'><b>SKIPPED TESTS</b></td></tr>
<tr><td><b>Test method</b></td>
<td width="30%"><b>Exception</b></td>
<td width="10%"><b>Time (seconds)</b></td>
<td><b>Instance</b></td>
</tr>
<tr>
<td title='com.uiframe.testcases.CreateAddAdver.createAdver()'><b>createAdver</b><br>Test class: com.uiframe.testcases.CreateAddAdver<br/>
<a href="#Output-2113243119" onClick='toggleBox("Output-2113243119", this, "Show output", "Hide output");'>Show output</a>

<a href="#Output-2113243119" onClick="toggleAllBoxes();">Show all outputs</a>
<div class='log' id="Output-2113243119">
[info] MainPage使用元素文件xml：webElementInfos\MainPage.xml<br/>
[error] 【投放管理模块】暂未找到，轮询中...<br/>
[error] 【投放管理模块】暂未找到，轮询中...<br/>
[error] 【投放管理模块】暂未找到，轮询中...<br/>
[error] 【投放管理模块】暂未找到，轮询中...<br/>
[error] 【投放管理模块】暂未找到，轮询中...<br/>
[error] 【投放管理模块】暂未找到，轮询中...<br/>
[error] 【投放管理模块】暂未找到，轮询中...<br/>
[error] 【投放管理模块】暂未找到，轮询中...<br/>
[error] 【投放管理模块】暂未找到，轮询中...<br/>
[error] 【投放管理模块】暂未找到，轮询中...<br/>
[error] 【投放管理模块】暂未找到，轮询中...<br/>
[error] 【投放管理模块】识别失败：识别超时<br/>
[info] 截图保存的路径为:screenshotImgs\error_2018_05_03_16_14_39.png<br/>
[info] 截图成功！！！<br/>
<a target='_blank' href="file:D:\Users\admin\workspace2\uiautotest\screenshotImgs\error_2018_05_03_16_14_39.png"><br/>
<img width="350" src="file:D:\Users\admin\workspace2\uiautotest\screenshotImgs\error_2018_05_03_16_14_39.png" />    截图：C:\Users\admin\AppData\Local\Temp\screenshot3883613862586676262.png<br/>
</a><br /><br/>
[error] 不能点击【投放管理模块】原因是：java.lang.NullPointerException<br/>
[info] 测试类：'com.uiframe.testng.TestngRetry' 中的测试方法：'createAdver' 执行失败，重试第 1 次<br/>
[error] 【createAdver】测试用例被跳过<br/>
</div>
</td>
<td><div><pre>java.lang.AssertionError: null
	at com.uiframe.baseframe.WebElementUtils.click(WebElementUtils.java:100)
	at com.uiframe.pages.MainPage.clickMdbuyManag(MainPage.java:24)
	at com.uiframe.actions.MainPageAction.inAddAdverPage(MainPageAction.java:26)
	at com.uiframe.testcases.CreateAddAdver.createAdver(CreateAddAdver.java:52)
... Removed 29 stack frames</pre></div><a href='#' onClick='toggleBox("stack-trace2113243119", this, "Click to show all stack frames", "Click to hide stack frames")'>Click to show all stack frames</a>
<div class='stack-trace' id='stack-trace2113243119'><pre>java.lang.AssertionError: null
	at org.testng.Assert.fail(Assert.java:94)
	at org.testng.Assert.fail(Assert.java:101)
	at com.uiframe.baseframe.WebElementUtils.click(WebElementUtils.java:100)
	at com.uiframe.pages.MainPage.clickMdbuyManag(MainPage.java:24)
	at com.uiframe.actions.MainPageAction.inAddAdverPage(MainPageAction.java:26)
	at com.uiframe.testcases.CreateAddAdver.createAdver(CreateAddAdver.java:52)
	at sun.reflect.NativeMethodAccessorImpl.invoke0(Native Method)
	at sun.reflect.NativeMethodAccessorImpl.invoke(NativeMethodAccessorImpl.java:62)
	at sun.reflect.DelegatingMethodAccessorImpl.invoke(DelegatingMethodAccessorImpl.java:43)
	at java.lang.reflect.Method.invoke(Method.java:498)
	at org.testng.internal.MethodInvocationHelper.invokeMethod(MethodInvocationHelper.java:86)
	at org.testng.internal.Invoker.invokeMethod(Invoker.java:643)
	at org.testng.internal.Invoker.invokeTestMethod(Invoker.java:820)
	at org.testng.internal.Invoker.invokeTestMethods(Invoker.java:1128)
	at org.testng.internal.TestMethodWorker.invokeTestMethods(TestMethodWorker.java:129)
	at org.testng.internal.TestMethodWorker.run(TestMethodWorker.java:112)
	at org.testng.TestRunner.privateRun(TestRunner.java:782)
	at org.testng.TestRunner.run(TestRunner.java:632)
	at org.testng.SuiteRunner.runTest(SuiteRunner.java:366)
	at org.testng.SuiteRunner.runSequentially(SuiteRunner.java:361)
	at org.testng.SuiteRunner.privateRun(SuiteRunner.java:319)
	at org.testng.SuiteRunner.run(SuiteRunner.java:268)
	at org.testng.SuiteRunnerWorker.runSuite(SuiteRunnerWorker.java:52)
	at org.testng.SuiteRunnerWorker.run(SuiteRunnerWorker.java:86)
	at org.testng.TestNG.runSuitesSequentially(TestNG.java:1244)
	at org.testng.TestNG.runSuitesLocally(TestNG.java:1169)
	at org.testng.TestNG.run(TestNG.java:1064)
	at org.apache.maven.surefire.testng.TestNGExecutor.run(TestNGExecutor.java:281)
	at org.apache.maven.surefire.testng.TestNGXmlTestSuite.execute(TestNGXmlTestSuite.java:75)
	at org.apache.maven.surefire.testng.TestNGProvider.invoke(TestNGProvider.java:121)
	at org.apache.maven.surefire.booter.ForkedBooter.invokeProviderInSameClassLoader(ForkedBooter.java:290)
	at org.apache.maven.surefire.booter.ForkedBooter.runSuitesInProcess(ForkedBooter.java:242)
	at org.apache.maven.surefire.booter.ForkedBooter.main(ForkedBooter.java:121)
</pre></div></td>
<td>5</td>
<td>com.uiframe.testcases.CreateAddAdver@6fd02e5</td></tr>
<tr>
<td title='com.uiframe.testcases.CreateAddAdver.createAdver()'><b>createAdver</b><br>Test class: com.uiframe.testcases.CreateAddAdver<br/>
<a href="#Output-1443675930" onClick='toggleBox("Output-1443675930", this, "Show output", "Hide output");'>Show output</a>

<a href="#Output-1443675930" onClick="toggleAllBoxes();">Show all outputs</a>
<div class='log' id="Output-1443675930">
[info] MainPage使用元素文件xml：webElementInfos\MainPage.xml<br/>
[error] 【投放管理模块】暂未找到，轮询中...<br/>
[error] 【投放管理模块】暂未找到，轮询中...<br/>
[error] 【投放管理模块】暂未找到，轮询中...<br/>
[error] 【投放管理模块】暂未找到，轮询中...<br/>
[error] 【投放管理模块】暂未找到，轮询中...<br/>
[error] 【投放管理模块】暂未找到，轮询中...<br/>
[error] 【投放管理模块】暂未找到，轮询中...<br/>
[error] 【投放管理模块】暂未找到，轮询中...<br/>
[error] 【投放管理模块】暂未找到，轮询中...<br/>
[error] 【投放管理模块】暂未找到，轮询中...<br/>
[error] 【投放管理模块】暂未找到，轮询中...<br/>
[error] 【投放管理模块】识别失败：识别超时<br/>
[info] 截图保存的路径为:screenshotImgs\error_2018_05_03_16_14_44.png<br/>
[info] 截图成功！！！<br/>
<a target='_blank' href="file:D:\Users\admin\workspace2\uiautotest\screenshotImgs\error_2018_05_03_16_14_44.png"><br/>
<img width="350" src="file:D:\Users\admin\workspace2\uiautotest\screenshotImgs\error_2018_05_03_16_14_44.png" />    截图：C:\Users\admin\AppData\Local\Temp\screenshot4629291821455521068.png<br/>
</a><br /><br/>
[error] 不能点击【投放管理模块】原因是：java.lang.NullPointerException<br/>
[info] 测试类：'com.uiframe.testng.TestngRetry' 中的测试方法：'createAdver' 执行失败，重试第 2 次<br/>
[error] 【createAdver】测试用例被跳过<br/>
</div>
</td>
<td><div><pre>java.lang.AssertionError: null
	at com.uiframe.baseframe.WebElementUtils.click(WebElementUtils.java:100)
	at com.uiframe.pages.MainPage.clickMdbuyManag(MainPage.java:24)
	at com.uiframe.actions.MainPageAction.inAddAdverPage(MainPageAction.java:26)
	at com.uiframe.testcases.CreateAddAdver.createAdver(CreateAddAdver.java:52)
... Removed 29 stack frames</pre></div><a href='#' onClick='toggleBox("stack-trace1443675930", this, "Click to show all stack frames", "Click to hide stack frames")'>Click to show all stack frames</a>
<div class='stack-trace' id='stack-trace1443675930'><pre>java.lang.AssertionError: null
	at org.testng.Assert.fail(Assert.java:94)
	at org.testng.Assert.fail(Assert.java:101)
	at com.uiframe.baseframe.WebElementUtils.click(WebElementUtils.java:100)
	at com.uiframe.pages.MainPage.clickMdbuyManag(MainPage.java:24)
	at com.uiframe.actions.MainPageAction.inAddAdverPage(MainPageAction.java:26)
	at com.uiframe.testcases.CreateAddAdver.createAdver(CreateAddAdver.java:52)
	at sun.reflect.NativeMethodAccessorImpl.invoke0(Native Method)
	at sun.reflect.NativeMethodAccessorImpl.invoke(NativeMethodAccessorImpl.java:62)
	at sun.reflect.DelegatingMethodAccessorImpl.invoke(DelegatingMethodAccessorImpl.java:43)
	at java.lang.reflect.Method.invoke(Method.java:498)
	at org.testng.internal.MethodInvocationHelper.invokeMethod(MethodInvocationHelper.java:86)
	at org.testng.internal.Invoker.invokeMethod(Invoker.java:643)
	at org.testng.internal.Invoker.retryFailed(Invoker.java:967)
	at org.testng.internal.Invoker.invokeTestMethods(Invoker.java:1146)
	at org.testng.internal.TestMethodWorker.invokeTestMethods(TestMethodWorker.java:129)
	at org.testng.internal.TestMethodWorker.run(TestMethodWorker.java:112)
	at org.testng.TestRunner.privateRun(TestRunner.java:782)
	at org.testng.TestRunner.run(TestRunner.java:632)
	at org.testng.SuiteRunner.runTest(SuiteRunner.java:366)
	at org.testng.SuiteRunner.runSequentially(SuiteRunner.java:361)
	at org.testng.SuiteRunner.privateRun(SuiteRunner.java:319)
	at org.testng.SuiteRunner.run(SuiteRunner.java:268)
	at org.testng.SuiteRunnerWorker.runSuite(SuiteRunnerWorker.java:52)
	at org.testng.SuiteRunnerWorker.run(SuiteRunnerWorker.java:86)
	at org.testng.TestNG.runSuitesSequentially(TestNG.java:1244)
	at org.testng.TestNG.runSuitesLocally(TestNG.java:1169)
	at org.testng.TestNG.run(TestNG.java:1064)
	at org.apache.maven.surefire.testng.TestNGExecutor.run(TestNGExecutor.java:281)
	at org.apache.maven.surefire.testng.TestNGXmlTestSuite.execute(TestNGXmlTestSuite.java:75)
	at org.apache.maven.surefire.testng.TestNGProvider.invoke(TestNGProvider.java:121)
	at org.apache.maven.surefire.booter.ForkedBooter.invokeProviderInSameClassLoader(ForkedBooter.java:290)
	at org.apache.maven.surefire.booter.ForkedBooter.runSuitesInProcess(ForkedBooter.java:242)
	at org.apache.maven.surefire.booter.ForkedBooter.main(ForkedBooter.java:121)
</pre></div></td>
<td>5</td>
<td>com.uiframe.testcases.CreateAddAdver@6fd02e5</td></tr>
</table><p>
</body>
</html>