<?xml version="1.0" encoding="UTF-8"?>
<!-- Generated by org.testng.reporters.JUnitXMLReporter -->
<testsuite hostname="DESKTOP-9QN5V92" name="158adxtest" tests="4" failures="1" timestamp="3 May 2018 08:14:50 GMT" time="35.773" errors="0">
  <testcase name="Login" time="10.684" classname="com.uiframe.testcases.PLogin"/>
  <testcase name="createAdver" time="5.453" classname="com.uiframe.testcases.CreateAddAdver">
    <skipped/>
  </testcase> <!-- createAdver -->
  <testcase name="createAdver" time="5.526" classname="com.uiframe.testcases.CreateAddAdver">
    <skipped/>
  </testcase> <!-- createAdver -->
  <testcase name="createAdver" time="5.468" classname="com.uiframe.testcases.CreateAddAdver">
    <failure type="java.lang.AssertionError" message="null">
      <![CDATA[java.lang.AssertionError: null
	at com.uiframe.baseframe.WebElementUtils.click(WebElementUtils.java:100)
	at com.uiframe.pages.MainPage.clickMdbuyManag(MainPage.java:24)
	at com.uiframe.actions.MainPageAction.inAddAdverPage(MainPageAction.java:26)
	at com.uiframe.testcases.CreateAddAdver.createAdver(CreateAddAdver.java:52)
... Removed 29 stack frames]]>
    </failure>
  </testcase> <!-- createAdver -->
</testsuite> <!-- 158adxtest -->
