<!DOCTYPE html PUBLIC "-//W3C//DTD XHTML 1.1//EN" "http://www.w3.org/TR/xhtml11/DTD/xhtml11.dtd">
<html xmlns="http://www.w3.org/1999/xhtml"><head><title>TestNG Report</title><style type="text/css">table {margin-bottom:10px;border-collapse:collapse;empty-cells:show}th,td {border:1px solid #009;padding:.25em .5em}th {vertical-align:bottom}td {vertical-align:top}table a {font-weight:bold}.stripe td {background-color: #E6EBF9}.num {text-align:right}.passedodd td {background-color: #3F3}.passedeven td {background-color: #0A0}.skippedodd td {background-color: #DDD}.skippedeven td {background-color: #CCC}.failedodd td,.attn {background-color: #F33}.failedeven td,.stripe .attn {background-color: #D00}.stacktrace {white-space:pre;font-family:monospace}.totop {font-size:85%;text-align:center;border-bottom:2px solid #000}</style></head><body><table><tr><th>Test</th><th># Passed</th><th># Skipped</th><th># Failed</th><th>Time (ms)</th><th>Included Groups</th><th>Excluded Groups</th></tr><tr><th colspan="7">testallsuite</th></tr><tr><td><a href="#t0">158adxtest</a></td><td class="num">1</td><td class="num attn">2</td><td class="num attn">1</td><td class="num">35,773</td><td></td><td></td></tr></table><table><thead><tr><th>Class</th><th>Method</th><th>Start</th><th>Time (ms)</th></tr></thead><tbody><tr><th colspan="4">testallsuite</th></tr></tbody><tbody id="t0"><tr><th colspan="4">158adxtest &#8212; failed</th></tr><tr class="failedeven"><td rowspan="1">com.uiframe.testcases.CreateAddAdver</td><td><a href="#m0">createAdver</a></td><td rowspan="1">1525335285329</td><td rowspan="1">5468</td></tr><tr><th colspan="4">158adxtest &#8212; skipped</th></tr><tr class="skippedeven"><td rowspan="2">com.uiframe.testcases.CreateAddAdver</td><td><a href="#m1">createAdver</a></td><td rowspan="2">1525335279802</td><td rowspan="2">5526</td></tr><tr class="skippedeven"><td><a href="#m2">createAdver</a></td></tr><tr><th colspan="4">158adxtest &#8212; passed</th></tr><tr class="passedeven"><td rowspan="1">com.uiframe.testcases.PLogin</td><td><a href="#m3">Login</a></td><td rowspan="1">1525335263657</td><td rowspan="1">10684</td></tr></tbody></table><h2>158adxtest</h2><h3 id="m0">com.uiframe.testcases.CreateAddAdver#createAdver</h3><table class="result"><tr><th>Messages</th></tr><tr><td><div class="messages">[info] MainPage使用元素文件xml：webElementInfos\MainPage.xml<br/>[error] 【投放管理模块】暂未找到，轮询中...<br/>[error] 【投放管理模块】暂未找到，轮询中...<br/>[error] 【投放管理模块】暂未找到，轮询中...<br/>[error] 【投放管理模块】暂未找到，轮询中...<br/>[error] 【投放管理模块】暂未找到，轮询中...<br/>[error] 【投放管理模块】暂未找到，轮询中...<br/>[error] 【投放管理模块】暂未找到，轮询中...<br/>[error] 【投放管理模块】暂未找到，轮询中...<br/>[error] 【投放管理模块】暂未找到，轮询中...<br/>[error] 【投放管理模块】暂未找到，轮询中...<br/>[error] 【投放管理模块】暂未找到，轮询中...<br/>[error] 【投放管理模块】识别失败：识别超时<br/>[info] 截图保存的路径为:screenshotImgs\error_2018_05_03_16_14_50.png<br/>[info] 截图成功！！！<br/>&lt;a target=&apos;_blank&apos; href=&quot;file:D:\Users\admin\workspace2\uiautotest\screenshotImgs\error_2018_05_03_16_14_50.png&quot;&gt;<br/>&lt;img width=&quot;350&quot; src=&quot;file:D:\Users\admin\workspace2\uiautotest\screenshotImgs\error_2018_05_03_16_14_50.png&quot; /&gt;    截图：C:\Users\admin\AppData\Local\Temp\screenshot4698836634584536246.png<br/>&lt;/a&gt;&lt;br /&gt;<br/>[error] 不能点击【投放管理模块】原因是：java.lang.NullPointerException<br/>[error] 【createAdver】测试用例执行失败</div></td></tr><tr><th>Exception</th></tr><tr><td><div class="stacktrace">java.lang.AssertionError: null
	at com.uiframe.baseframe.WebElementUtils.click(WebElementUtils.java:100)
	at com.uiframe.pages.MainPage.clickMdbuyManag(MainPage.java:24)
	at com.uiframe.actions.MainPageAction.inAddAdverPage(MainPageAction.java:26)
	at com.uiframe.testcases.CreateAddAdver.createAdver(CreateAddAdver.java:52)
... Removed 29 stack frames</div></td></tr></table><p class="totop"><a href="#summary">back to summary</a></p><h3 id="m1">com.uiframe.testcases.CreateAddAdver#createAdver</h3><table class="result"><tr><th>Messages</th></tr><tr><td><div class="messages">[info] MainPage使用元素文件xml：webElementInfos\MainPage.xml<br/>[error] 【投放管理模块】暂未找到，轮询中...<br/>[error] 【投放管理模块】暂未找到，轮询中...<br/>[error] 【投放管理模块】暂未找到，轮询中...<br/>[error] 【投放管理模块】暂未找到，轮询中...<br/>[error] 【投放管理模块】暂未找到，轮询中...<br/>[error] 【投放管理模块】暂未找到，轮询中...<br/>[error] 【投放管理模块】暂未找到，轮询中...<br/>[error] 【投放管理模块】暂未找到，轮询中...<br/>[error] 【投放管理模块】暂未找到，轮询中...<br/>[error] 【投放管理模块】暂未找到，轮询中...<br/>[error] 【投放管理模块】暂未找到，轮询中...<br/>[error] 【投放管理模块】识别失败：识别超时<br/>[info] 截图保存的路径为:screenshotImgs\error_2018_05_03_16_14_44.png<br/>[info] 截图成功！！！<br/>&lt;a target=&apos;_blank&apos; href=&quot;file:D:\Users\admin\workspace2\uiautotest\screenshotImgs\error_2018_05_03_16_14_44.png&quot;&gt;<br/>&lt;img width=&quot;350&quot; src=&quot;file:D:\Users\admin\workspace2\uiautotest\screenshotImgs\error_2018_05_03_16_14_44.png&quot; /&gt;    截图：C:\Users\admin\AppData\Local\Temp\screenshot4629291821455521068.png<br/>&lt;/a&gt;&lt;br /&gt;<br/>[error] 不能点击【投放管理模块】原因是：java.lang.NullPointerException<br/>[info] 测试类：&apos;com.uiframe.testng.TestngRetry&apos; 中的测试方法：&apos;createAdver&apos; 执行失败，重试第 2 次<br/>[error] 【createAdver】测试用例被跳过</div></td></tr><tr><th>Exception</th></tr><tr><td><div class="stacktrace">java.lang.AssertionError: null
	at com.uiframe.baseframe.WebElementUtils.click(WebElementUtils.java:100)
	at com.uiframe.pages.MainPage.clickMdbuyManag(MainPage.java:24)
	at com.uiframe.actions.MainPageAction.inAddAdverPage(MainPageAction.java:26)
	at com.uiframe.testcases.CreateAddAdver.createAdver(CreateAddAdver.java:52)
... Removed 29 stack frames</div></td></tr></table><p class="totop"><a href="#summary">back to summary</a></p><h3 id="m2">com.uiframe.testcases.CreateAddAdver#createAdver</h3><table class="result"><tr><th>Messages</th></tr><tr><td><div class="messages">[info] MainPage使用元素文件xml：webElementInfos\MainPage.xml<br/>[error] 【投放管理模块】暂未找到，轮询中...<br/>[error] 【投放管理模块】暂未找到，轮询中...<br/>[error] 【投放管理模块】暂未找到，轮询中...<br/>[error] 【投放管理模块】暂未找到，轮询中...<br/>[error] 【投放管理模块】暂未找到，轮询中...<br/>[error] 【投放管理模块】暂未找到，轮询中...<br/>[error] 【投放管理模块】暂未找到，轮询中...<br/>[error] 【投放管理模块】暂未找到，轮询中...<br/>[error] 【投放管理模块】暂未找到，轮询中...<br/>[error] 【投放管理模块】暂未找到，轮询中...<br/>[error] 【投放管理模块】暂未找到，轮询中...<br/>[error] 【投放管理模块】识别失败：识别超时<br/>[info] 截图保存的路径为:screenshotImgs\error_2018_05_03_16_14_39.png<br/>[info] 截图成功！！！<br/>&lt;a target=&apos;_blank&apos; href=&quot;file:D:\Users\admin\workspace2\uiautotest\screenshotImgs\error_2018_05_03_16_14_39.png&quot;&gt;<br/>&lt;img width=&quot;350&quot; src=&quot;file:D:\Users\admin\workspace2\uiautotest\screenshotImgs\error_2018_05_03_16_14_39.png&quot; /&gt;    截图：C:\Users\admin\AppData\Local\Temp\screenshot3883613862586676262.png<br/>&lt;/a&gt;&lt;br /&gt;<br/>[error] 不能点击【投放管理模块】原因是：java.lang.NullPointerException<br/>[info] 测试类：&apos;com.uiframe.testng.TestngRetry&apos; 中的测试方法：&apos;createAdver&apos; 执行失败，重试第 1 次<br/>[error] 【createAdver】测试用例被跳过</div></td></tr><tr><th>Exception</th></tr><tr><td><div class="stacktrace">java.lang.AssertionError: null
	at com.uiframe.baseframe.WebElementUtils.click(WebElementUtils.java:100)
	at com.uiframe.pages.MainPage.clickMdbuyManag(MainPage.java:24)
	at com.uiframe.actions.MainPageAction.inAddAdverPage(MainPageAction.java:26)
	at com.uiframe.testcases.CreateAddAdver.createAdver(CreateAddAdver.java:52)
... Removed 29 stack frames</div></td></tr></table><p class="totop"><a href="#summary">back to summary</a></p><h3 id="m3">com.uiframe.testcases.PLogin#Login</h3><table class="result"><tr class="param"><th>Parameter #1</th></tr><tr class="param stripe"><td>com.uiframe.utils.TestCaseBean@4b3a45f1</td></tr><tr><th>Messages</th></tr><tr><td><div class="messages">[info] LoginPage使用元素文件xml：webElementInfos\LoginPage.xml<br/>[info] 打开网址：http://60.166.12.158:4077/login<br/>[info] 【用户名输入框】识别成功<br/>[info] 在【用户名输入框】中输入 admin<br/>[info] 【密码输入框】识别成功<br/>[info] 在【密码输入框】中输入 Xylx1.T<br/>[info] 【验证码图片】识别成功<br/>[info] 【验证吗输入框】识别成功<br/>[info] 在【验证吗输入框】中输入 naic

<br/>[info] MainPage使用元素文件xml：webElementInfos\MainPage.xml<br/>[error] 【欢迎登陆】暂未找到，轮询中...<br/>[error] 【欢迎登陆】暂未找到，轮询中...<br/>[error] 【欢迎登陆】暂未找到，轮询中...<br/>[error] 【欢迎登陆】暂未找到，轮询中...<br/>[error] 【欢迎登陆】暂未找到，轮询中...<br/>[error] 【欢迎登陆】暂未找到，轮询中...<br/>[error] 【欢迎登陆】暂未找到，轮询中...<br/>[error] 【欢迎登陆】暂未找到，轮询中...<br/>[error] 【欢迎登陆】暂未找到，轮询中...<br/>[error] 【欢迎登陆】暂未找到，轮询中...<br/>[error] 【欢迎登陆】暂未找到，轮询中...<br/>[error] 【欢迎登陆】识别失败：识别超时<br/>[info] 截图保存的路径为:screenshotImgs\error_2018_05_03_16_14_34.png<br/>[info] 截图成功！！！<br/>&lt;a target=&apos;_blank&apos; href=&quot;file:D:\Users\admin\workspace2\uiautotest\screenshotImgs\error_2018_05_03_16_14_34.png&quot;&gt;<br/>&lt;img width=&quot;350&quot; src=&quot;file:D:\Users\admin\workspace2\uiautotest\screenshotImgs\error_2018_05_03_16_14_34.png&quot; /&gt;    截图：C:\Users\admin\AppData\Local\Temp\screenshot3105233181469357780.png<br/>&lt;/a&gt;&lt;br /&gt;<br/>&lt;P style=&quot;font-size:1.1em;color:#1C9340&quot;&gt;&lt;b&gt;┌───────────────────────┤ＣＨＥＣＫ　ＰＯＩＮＴ├───────────────────────┐&lt;br&gt;[目标]：用例:1执行失败&lt;br&gt;[实际]：true　[预期]：true&lt;br&gt;└──────────────────────────────────────────────────────────────────┘&lt;/b&gt;&lt;/P&gt;<br/>[info] 【检查点检查成功】  [实际]：true　[预期]：true<br/>[info] 【Login】测试用例执行成功</div></td></tr></table><p class="totop"><a href="#summary">back to summary</a></p></body></html>