<!DOCTYPE html>

<html>
  <head>
  <meta charset='utf-8'>
  <title>TestNG reports</title>

    <link type="text/css" href="testng-reports.css" rel="stylesheet" />  
    <script type="text/javascript" src="jquery-1.7.1.min.js"></script>
    <script type="text/javascript" src="testng-reports.js"></script>
    <script type="text/javascript" src="https://www.google.com/jsapi"></script>
    <script type='text/javascript'>
      google.load('visualization', '1', {packages:['table']});
      google.setOnLoadCallback(drawTable);
      var suiteTableInitFunctions = new Array();
      var suiteTableData = new Array();
    </script>
    <!--
      <script type="text/javascript" src="jquery-ui/js/jquery-ui-1.8.16.custom.min.js"></script>
     -->
  </head>

  <body>
    <div class="top-banner-root">
      <span class="top-banner-title-font">Test results</span>
      <br/>
      <span class="top-banner-font-1">1 suite, 1 failed test</span>
    </div> <!-- top-banner-root -->
    <div class="navigator-root">
      <div class="navigator-suite-header">
        <span>All suites</span>
        <a href="#" class="collapse-all-link" title="Collapse/expand all the suites">
          <img class="collapse-all-icon" src="collapseall.gif">
          </img> <!-- collapse-all-icon -->
        </a> <!-- collapse-all-link -->
      </div> <!-- navigator-suite-header -->
      <div class="suite">
        <div class="rounded-window">
          <div class="suite-header light-rounded-window-top">
            <a href="#" class="navigator-link" panel-name="suite-testallsuite">
              <span class="suite-name border-failed">testallsuite</span>
            </a> <!-- navigator-link -->
          </div> <!-- suite-header light-rounded-window-top -->
          <div class="navigator-suite-content">
            <div class="suite-section-title">
              <span>Info</span>
            </div> <!-- suite-section-title -->
            <div class="suite-section-content">
              <ul>
                <li>
                  <a href="#" class="navigator-link " panel-name="test-xml-testallsuite">
                    <span>D:\backup_gby\workspace2\uiautotest\testng.xml</span>
                  </a> <!-- navigator-link  -->
                </li>
                <li>
                  <a href="#" class="navigator-link " panel-name="testlist-testallsuite">
                    <span class="test-stats">2 tests</span>
                  </a> <!-- navigator-link  -->
                </li>
                <li>
                  <a href="#" class="navigator-link " panel-name="group-testallsuite">
                    <span>0 groups</span>
                  </a> <!-- navigator-link  -->
                </li>
                <li>
                  <a href="#" class="navigator-link " panel-name="times-testallsuite">
                    <span>Times</span>
                  </a> <!-- navigator-link  -->
                </li>
                <li>
                  <a href="#" class="navigator-link " panel-name="reporter-testallsuite">
                    <span>Reporter output</span>
                  </a> <!-- navigator-link  -->
                </li>
                <li>
                  <a href="#" class="navigator-link " panel-name="ignored-methods-testallsuite">
                    <span>Ignored methods</span>
                  </a> <!-- navigator-link  -->
                </li>
                <li>
                  <a href="#" class="navigator-link " panel-name="chronological-testallsuite">
                    <span>Chronological view</span>
                  </a> <!-- navigator-link  -->
                </li>
              </ul>
            </div> <!-- suite-section-content -->
            <div class="result-section">
              <div class="suite-section-title">
                <span>Results</span>
              </div> <!-- suite-section-title -->
              <div class="suite-section-content">
                <ul>
                  <li>
                    <span class="method-stats">6 methods, 1 failed,  2 skipped,  3 passed</span>
                  </li>
                  <li>
                    <span class="method-list-title failed">Failed methods</span>
                    <span class="show-or-hide-methods failed">
                      <a href="#" panel-name="suite-testallsuite" class="hide-methods failed suite-testallsuite"> (hide)</a> <!-- hide-methods failed suite-testallsuite -->
                      <a href="#" panel-name="suite-testallsuite" class="show-methods failed suite-testallsuite"> (show)</a> <!-- show-methods failed suite-testallsuite -->
                    </span>
                    <div class="method-list-content failed suite-testallsuite">
                      <span>
                        <img width="3%" src="failed.png"/>
                        <a href="#" class="method navigator-link" panel-name="suite-testallsuite" title="com.uiframe.testcases.LoginCase" hash-for-method="login(15000219169, aa123456,)">login(15000219169, aa123456,)</a> <!-- method navigator-link -->
                      </span>
                      <br/>
                    </div> <!-- method-list-content failed suite-testallsuite -->
                  </li>
                  <li>
                    <span class="method-list-title skipped">Skipped methods</span>
                    <span class="show-or-hide-methods skipped">
                      <a href="#" panel-name="suite-testallsuite" class="hide-methods skipped suite-testallsuite"> (hide)</a> <!-- hide-methods skipped suite-testallsuite -->
                      <a href="#" panel-name="suite-testallsuite" class="show-methods skipped suite-testallsuite"> (show)</a> <!-- show-methods skipped suite-testallsuite -->
                    </span>
                    <div class="method-list-content skipped suite-testallsuite">
                      <span>
                        <img width="3%" src="skipped.png"/>
                        <a href="#" class="method navigator-link" panel-name="suite-testallsuite" title="com.uiframe.testcases.LoginCase" hash-for-method="login(15000219169, aa123456,)">login(15000219169, aa123456,)</a> <!-- method navigator-link -->
                      </span>
                      <br/>
                      <span>
                        <img width="3%" src="skipped.png"/>
                        <a href="#" class="method navigator-link" panel-name="suite-testallsuite" title="com.uiframe.testcases.LoginCase" hash-for-method="login(15000219169, aa123456,)">login(15000219169, aa123456,)</a> <!-- method navigator-link -->
                      </span>
                      <br/>
                    </div> <!-- method-list-content skipped suite-testallsuite -->
                  </li>
                  <li>
                    <span class="method-list-title passed">Passed methods</span>
                    <span class="show-or-hide-methods passed">
                      <a href="#" panel-name="suite-testallsuite" class="hide-methods passed suite-testallsuite"> (hide)</a> <!-- hide-methods passed suite-testallsuite -->
                      <a href="#" panel-name="suite-testallsuite" class="show-methods passed suite-testallsuite"> (show)</a> <!-- show-methods passed suite-testallsuite -->
                    </span>
                    <div class="method-list-content passed suite-testallsuite">
                      <span>
                        <img width="3%" src="passed.png"/>
                        <a href="#" class="method navigator-link" panel-name="suite-testallsuite" title="com.uiframe.testcases.LoginCase" hash-for-method="asetUp(chrome)">asetUp(chrome)</a> <!-- method navigator-link -->
                      </span>
                      <br/>
                      <span>
                        <img width="3%" src="passed.png"/>
                        <a href="#" class="method navigator-link" panel-name="suite-testallsuite" title="com.uiframe.testcases.LoginCase" hash-for-method="asetUp(firefox)">asetUp(firefox)</a> <!-- method navigator-link -->
                      </span>
                      <br/>
                      <span>
                        <img width="3%" src="passed.png"/>
                        <a href="#" class="method navigator-link" panel-name="suite-testallsuite" title="com.uiframe.testcases.LoginCase" hash-for-method="login(15000219168, aa123456,)">login(15000219168, aa123456,)</a> <!-- method navigator-link -->
                      </span>
                      <br/>
                    </div> <!-- method-list-content passed suite-testallsuite -->
                  </li>
                </ul>
              </div> <!-- suite-section-content -->
            </div> <!-- result-section -->
          </div> <!-- navigator-suite-content -->
        </div> <!-- rounded-window -->
      </div> <!-- suite -->
    </div> <!-- navigator-root -->
    <div class="wrapper">
      <div class="main-panel-root">
        <div panel-name="suite-testallsuite" class="panel testallsuite">
          <div class="suite-testallsuite-class-failed">
            <div class="main-panel-header rounded-window-top">
              <img src="failed.png"/>
              <span class="class-name">com.uiframe.testcases.LoginCase</span>
            </div> <!-- main-panel-header rounded-window-top -->
            <div class="main-panel-content rounded-window-bottom">
              <div class="method">
                <div class="method-content">
                  <a name="login(15000219169, aa123456,)">
                  </a> <!-- login(15000219169, aa123456,) -->
                  <span class="method-name">login</span>
                  <span class="parameters">(15000219169, aa123456,)</span>
                  <div class="stack-trace">org.openqa.selenium.WebDriverException: unknown error: call function result missing &apos;value&apos;
  (Session info: chrome=66.0.3359.181)
  (Driver info: chromedriver=2.31.488763 (092de99f48a300323ecf8c2a4e2e7cab51de5ba8),platform=Windows NT 6.1.7601 SP1 x86_64) (WARNING: The server did not provide any stacktrace information)
Command duration or timeout: 0 milliseconds
Build info: version: &apos;3.11.0&apos;, revision: &apos;e59cfb3&apos;, time: &apos;2018-03-11T20:26:55.152Z&apos;
System info: host: &apos;桂宝元&apos;, ip: &apos;192.168.10.91&apos;, os.name: &apos;Windows 7&apos;, os.arch: &apos;amd64&apos;, os.version: &apos;6.1&apos;, java.version: &apos;1.8.0_171&apos;
Driver info: org.openqa.selenium.chrome.ChromeDriver
Capabilities {acceptSslCerts: true, applicationCacheEnabled: false, browserConnectionEnabled: false, browserName: chrome, chrome: {chromedriverVersion: 2.31.488763 (092de99f48a300..., userDataDir: C:\Users\ADMINI~1\AppData\L...}, cssSelectorsEnabled: true, databaseEnabled: false, handlesAlerts: true, hasTouchScreen: false, javascriptEnabled: true, locationContextEnabled: true, mobileEmulationEnabled: false, nativeEvents: true, networkConnectionEnabled: false, pageLoadStrategy: normal, platform: XP, platformName: XP, rotatable: false, setWindowRect: true, takesHeapSnapshot: true, takesScreenshot: true, unexpectedAlertBehaviour: , unhandledPromptBehavior: , version: 66.0.3359.181, webStorageEnabled: true}
Session ID: 6f432460566b41d5a865e03f1e99cfa3
	at org.openqa.selenium.remote.ErrorHandler.createThrowable(ErrorHandler.java:214)
	at org.openqa.selenium.remote.ErrorHandler.throwIfResponseFailed(ErrorHandler.java:166)
	at org.openqa.selenium.remote.http.JsonHttpResponseCodec.reconstructValue(JsonHttpResponseCodec.java:40)
	at org.openqa.selenium.remote.http.AbstractHttpResponseCodec.decode(AbstractHttpResponseCodec.java:80)
	at org.openqa.selenium.remote.http.AbstractHttpResponseCodec.decode(AbstractHttpResponseCodec.java:44)
	at org.openqa.selenium.remote.HttpCommandExecutor.execute(HttpCommandExecutor.java:158)
	at org.openqa.selenium.remote.service.DriverCommandExecutor.execute(DriverCommandExecutor.java:83)
	at org.openqa.selenium.remote.RemoteWebDriver.execute(RemoteWebDriver.java:545)
	at org.openqa.selenium.remote.RemoteWebElement.execute(RemoteWebElement.java:279)
	at org.openqa.selenium.remote.RemoteWebElement.sendKeys(RemoteWebElement.java:100)
	at com.uiframe.testcases.LoginCase.login(LoginCase.java:63)
	at java.util.concurrent.FutureTask.run(Unknown Source)
	at java.util.concurrent.ThreadPoolExecutor.runWorker(Unknown Source)
	at java.util.concurrent.ThreadPoolExecutor$Worker.run(Unknown Source)
	at java.lang.Thread.run(Unknown Source)
... Removed 20 stack frames
</div> <!-- stack-trace -->
                </div> <!-- method-content -->
              </div> <!-- method -->
            </div> <!-- main-panel-content rounded-window-bottom -->
          </div> <!-- suite-testallsuite-class-failed -->
          <div class="suite-testallsuite-class-skipped">
            <div class="main-panel-header rounded-window-top">
              <img src="skipped.png"/>
              <span class="class-name">com.uiframe.testcases.LoginCase</span>
            </div> <!-- main-panel-header rounded-window-top -->
            <div class="main-panel-content rounded-window-bottom">
              <div class="method">
                <div class="method-content">
                  <a name="login(15000219169, aa123456,)">
                  </a> <!-- login(15000219169, aa123456,) -->
                  <span class="method-name">login</span>
                  <span class="parameters">(15000219169, aa123456,)</span>
                  <div class="stack-trace">org.openqa.selenium.WebDriverException: unknown error: call function result missing &apos;value&apos;
  (Session info: chrome=66.0.3359.181)
  (Driver info: chromedriver=2.31.488763 (092de99f48a300323ecf8c2a4e2e7cab51de5ba8),platform=Windows NT 6.1.7601 SP1 x86_64) (WARNING: The server did not provide any stacktrace information)
Command duration or timeout: 0 milliseconds
Build info: version: &apos;3.11.0&apos;, revision: &apos;e59cfb3&apos;, time: &apos;2018-03-11T20:26:55.152Z&apos;
System info: host: &apos;桂宝元&apos;, ip: &apos;192.168.10.91&apos;, os.name: &apos;Windows 7&apos;, os.arch: &apos;amd64&apos;, os.version: &apos;6.1&apos;, java.version: &apos;1.8.0_171&apos;
Driver info: org.openqa.selenium.chrome.ChromeDriver
Capabilities {acceptSslCerts: true, applicationCacheEnabled: false, browserConnectionEnabled: false, browserName: chrome, chrome: {chromedriverVersion: 2.31.488763 (092de99f48a300..., userDataDir: C:\Users\ADMINI~1\AppData\L...}, cssSelectorsEnabled: true, databaseEnabled: false, handlesAlerts: true, hasTouchScreen: false, javascriptEnabled: true, locationContextEnabled: true, mobileEmulationEnabled: false, nativeEvents: true, networkConnectionEnabled: false, pageLoadStrategy: normal, platform: XP, platformName: XP, rotatable: false, setWindowRect: true, takesHeapSnapshot: true, takesScreenshot: true, unexpectedAlertBehaviour: , unhandledPromptBehavior: , version: 66.0.3359.181, webStorageEnabled: true}
Session ID: 6f432460566b41d5a865e03f1e99cfa3
	at org.openqa.selenium.remote.ErrorHandler.createThrowable(ErrorHandler.java:214)
	at org.openqa.selenium.remote.ErrorHandler.throwIfResponseFailed(ErrorHandler.java:166)
	at org.openqa.selenium.remote.http.JsonHttpResponseCodec.reconstructValue(JsonHttpResponseCodec.java:40)
	at org.openqa.selenium.remote.http.AbstractHttpResponseCodec.decode(AbstractHttpResponseCodec.java:80)
	at org.openqa.selenium.remote.http.AbstractHttpResponseCodec.decode(AbstractHttpResponseCodec.java:44)
	at org.openqa.selenium.remote.HttpCommandExecutor.execute(HttpCommandExecutor.java:158)
	at org.openqa.selenium.remote.service.DriverCommandExecutor.execute(DriverCommandExecutor.java:83)
	at org.openqa.selenium.remote.RemoteWebDriver.execute(RemoteWebDriver.java:545)
	at org.openqa.selenium.remote.RemoteWebElement.execute(RemoteWebElement.java:279)
	at org.openqa.selenium.remote.RemoteWebElement.sendKeys(RemoteWebElement.java:100)
	at com.uiframe.testcases.LoginCase.login(LoginCase.java:63)
	at java.util.concurrent.FutureTask.run(Unknown Source)
	at java.util.concurrent.ThreadPoolExecutor.runWorker(Unknown Source)
	at java.util.concurrent.ThreadPoolExecutor$Worker.run(Unknown Source)
	at java.lang.Thread.run(Unknown Source)
... Removed 20 stack frames
</div> <!-- stack-trace -->
                </div> <!-- method-content -->
              </div> <!-- method -->
              <div class="method">
                <div class="method-content">
                  <a name="login(15000219169, aa123456,)">
                  </a> <!-- login(15000219169, aa123456,) -->
                  <span class="method-name">login</span>
                  <span class="parameters">(15000219169, aa123456,)</span>
                  <div class="stack-trace">org.openqa.selenium.WebDriverException: unknown error: call function result missing &apos;value&apos;
  (Session info: chrome=66.0.3359.181)
  (Driver info: chromedriver=2.31.488763 (092de99f48a300323ecf8c2a4e2e7cab51de5ba8),platform=Windows NT 6.1.7601 SP1 x86_64) (WARNING: The server did not provide any stacktrace information)
Command duration or timeout: 0 milliseconds
Build info: version: &apos;3.11.0&apos;, revision: &apos;e59cfb3&apos;, time: &apos;2018-03-11T20:26:55.152Z&apos;
System info: host: &apos;桂宝元&apos;, ip: &apos;192.168.10.91&apos;, os.name: &apos;Windows 7&apos;, os.arch: &apos;amd64&apos;, os.version: &apos;6.1&apos;, java.version: &apos;1.8.0_171&apos;
Driver info: org.openqa.selenium.chrome.ChromeDriver
Capabilities {acceptSslCerts: true, applicationCacheEnabled: false, browserConnectionEnabled: false, browserName: chrome, chrome: {chromedriverVersion: 2.31.488763 (092de99f48a300..., userDataDir: C:\Users\ADMINI~1\AppData\L...}, cssSelectorsEnabled: true, databaseEnabled: false, handlesAlerts: true, hasTouchScreen: false, javascriptEnabled: true, locationContextEnabled: true, mobileEmulationEnabled: false, nativeEvents: true, networkConnectionEnabled: false, pageLoadStrategy: normal, platform: XP, platformName: XP, rotatable: false, setWindowRect: true, takesHeapSnapshot: true, takesScreenshot: true, unexpectedAlertBehaviour: , unhandledPromptBehavior: , version: 66.0.3359.181, webStorageEnabled: true}
Session ID: 6f432460566b41d5a865e03f1e99cfa3
	at org.openqa.selenium.remote.ErrorHandler.createThrowable(ErrorHandler.java:214)
	at org.openqa.selenium.remote.ErrorHandler.throwIfResponseFailed(ErrorHandler.java:166)
	at org.openqa.selenium.remote.http.JsonHttpResponseCodec.reconstructValue(JsonHttpResponseCodec.java:40)
	at org.openqa.selenium.remote.http.AbstractHttpResponseCodec.decode(AbstractHttpResponseCodec.java:80)
	at org.openqa.selenium.remote.http.AbstractHttpResponseCodec.decode(AbstractHttpResponseCodec.java:44)
	at org.openqa.selenium.remote.HttpCommandExecutor.execute(HttpCommandExecutor.java:158)
	at org.openqa.selenium.remote.service.DriverCommandExecutor.execute(DriverCommandExecutor.java:83)
	at org.openqa.selenium.remote.RemoteWebDriver.execute(RemoteWebDriver.java:545)
	at org.openqa.selenium.remote.RemoteWebElement.execute(RemoteWebElement.java:279)
	at org.openqa.selenium.remote.RemoteWebElement.sendKeys(RemoteWebElement.java:100)
	at com.uiframe.testcases.LoginCase.login(LoginCase.java:63)
	at java.util.concurrent.FutureTask.run(Unknown Source)
	at java.util.concurrent.ThreadPoolExecutor.runWorker(Unknown Source)
	at java.util.concurrent.ThreadPoolExecutor$Worker.run(Unknown Source)
	at java.lang.Thread.run(Unknown Source)
... Removed 20 stack frames
</div> <!-- stack-trace -->
                </div> <!-- method-content -->
              </div> <!-- method -->
            </div> <!-- main-panel-content rounded-window-bottom -->
          </div> <!-- suite-testallsuite-class-skipped -->
          <div class="suite-testallsuite-class-passed">
            <div class="main-panel-header rounded-window-top">
              <img src="passed.png"/>
              <span class="class-name">com.uiframe.testcases.LoginCase</span>
            </div> <!-- main-panel-header rounded-window-top -->
            <div class="main-panel-content rounded-window-bottom">
              <div class="method">
                <div class="method-content">
                  <a name="asetUp(chrome)">
                  </a> <!-- asetUp(chrome) -->
                  <span class="method-name">asetUp</span>
                  <span class="parameters">(chrome)</span>
                </div> <!-- method-content -->
              </div> <!-- method -->
              <div class="method">
                <div class="method-content">
                  <a name="asetUp(firefox)">
                  </a> <!-- asetUp(firefox) -->
                  <span class="method-name">asetUp</span>
                  <span class="parameters">(firefox)</span>
                </div> <!-- method-content -->
              </div> <!-- method -->
              <div class="method">
                <div class="method-content">
                  <a name="login(15000219168, aa123456,)">
                  </a> <!-- login(15000219168, aa123456,) -->
                  <span class="method-name">login</span>
                  <span class="parameters">(15000219168, aa123456,)</span>
                </div> <!-- method-content -->
              </div> <!-- method -->
            </div> <!-- main-panel-content rounded-window-bottom -->
          </div> <!-- suite-testallsuite-class-passed -->
        </div> <!-- panel testallsuite -->
        <div panel-name="test-xml-testallsuite" class="panel">
          <div class="main-panel-header rounded-window-top">
            <span class="header-content">D:\backup_gby\workspace2\uiautotest\testng.xml</span>
          </div> <!-- main-panel-header rounded-window-top -->
          <div class="main-panel-content rounded-window-bottom">
            <pre>
&lt;?xml version=&quot;1.0&quot; encoding=&quot;UTF-8&quot;?&gt;
&lt;!DOCTYPE suite SYSTEM &quot;http://testng.org/testng-1.0.dtd&quot;&gt;
&lt;suite guice-stage=&quot;DEVELOPMENT&quot; name=&quot;testallsuite&quot; parallel=&quot;tests&quot;&gt;
  &lt;listeners&gt;
    &lt;listener class-name=&quot;org.uncommons.reportng.HTMLReporter&quot;/&gt;
    &lt;listener class-name=&quot;com.uiframe.testng.TestNGListener&quot;/&gt;
    &lt;listener class-name=&quot;com.uiframe.testng.RetryListener&quot;/&gt;
  &lt;/listeners&gt;
  &lt;test name=&quot;158adxtest&quot;&gt;
    &lt;parameter name=&quot;explorerName&quot; value=&quot;firefox&quot;/&gt;
    &lt;parameter name=&quot;pnumber&quot; value=&quot;15000219168&quot;/&gt;
    &lt;parameter name=&quot;pwd&quot; value=&quot;aa123456,&quot;/&gt;
    &lt;classes&gt;
      &lt;class name=&quot;com.uiframe.testcases.LoginCase&quot;/&gt;
    &lt;/classes&gt;
  &lt;/test&gt; &lt;!-- 158adxtest --&gt;
  &lt;test name=&quot;2&quot;&gt;
    &lt;parameter name=&quot;explorerName&quot; value=&quot;chrome&quot;/&gt;
    &lt;parameter name=&quot;pnumber&quot; value=&quot;15000219169&quot;/&gt;
    &lt;parameter name=&quot;pwd&quot; value=&quot;aa123456,&quot;/&gt;
    &lt;classes&gt;
      &lt;class name=&quot;com.uiframe.testcases.LoginCase&quot;/&gt;
    &lt;/classes&gt;
  &lt;/test&gt; &lt;!-- 2 --&gt;
&lt;/suite&gt; &lt;!-- testallsuite --&gt;
            </pre>
          </div> <!-- main-panel-content rounded-window-bottom -->
        </div> <!-- panel -->
        <div panel-name="testlist-testallsuite" class="panel">
          <div class="main-panel-header rounded-window-top">
            <span class="header-content">Tests for testallsuite</span>
          </div> <!-- main-panel-header rounded-window-top -->
          <div class="main-panel-content rounded-window-bottom">
            <ul>
              <li>
                <span class="test-name">158adxtest (1 class)</span>
              </li>
              <li>
                <span class="test-name">2 (1 class)</span>
              </li>
            </ul>
          </div> <!-- main-panel-content rounded-window-bottom -->
        </div> <!-- panel -->
        <div panel-name="group-testallsuite" class="panel">
          <div class="main-panel-header rounded-window-top">
            <span class="header-content">Groups for testallsuite</span>
          </div> <!-- main-panel-header rounded-window-top -->
          <div class="main-panel-content rounded-window-bottom">
          </div> <!-- main-panel-content rounded-window-bottom -->
        </div> <!-- panel -->
        <div panel-name="times-testallsuite" class="panel">
          <div class="main-panel-header rounded-window-top">
            <span class="header-content">Times for testallsuite</span>
          </div> <!-- main-panel-header rounded-window-top -->
          <div class="main-panel-content rounded-window-bottom">
            <div class="times-div">
              <script type="text/javascript">
suiteTableInitFunctions.push('tableData_testallsuite');
function tableData_testallsuite() {
var data = new google.visualization.DataTable();
data.addColumn('number', 'Number');
data.addColumn('string', 'Method');
data.addColumn('string', 'Class');
data.addColumn('number', 'Time (ms)');
data.addRows(6);
data.setCell(0, 0, 0)
data.setCell(0, 1, 'asetUp')
data.setCell(0, 2, 'com.uiframe.testcases.LoginCase')
data.setCell(0, 3, 7627);
data.setCell(1, 0, 1)
data.setCell(1, 1, 'asetUp')
data.setCell(1, 2, 'com.uiframe.testcases.LoginCase')
data.setCell(1, 3, 5643);
data.setCell(2, 0, 2)
data.setCell(2, 1, 'login')
data.setCell(2, 2, 'com.uiframe.testcases.LoginCase')
data.setCell(2, 3, 222);
data.setCell(3, 0, 3)
data.setCell(3, 1, 'login')
data.setCell(3, 2, 'com.uiframe.testcases.LoginCase')
data.setCell(3, 3, 107);
data.setCell(4, 0, 4)
data.setCell(4, 1, 'login')
data.setCell(4, 2, 'com.uiframe.testcases.LoginCase')
data.setCell(4, 3, 46);
data.setCell(5, 0, 5)
data.setCell(5, 1, 'login')
data.setCell(5, 2, 'com.uiframe.testcases.LoginCase')
data.setCell(5, 3, 46);
window.suiteTableData['testallsuite']= { tableData: data, tableDiv: 'times-div-testallsuite'}
return data;
}
              </script>
              <span class="suite-total-time">Total running time: 13 seconds</span>
              <div id="times-div-testallsuite">
              </div> <!-- times-div-testallsuite -->
            </div> <!-- times-div -->
          </div> <!-- main-panel-content rounded-window-bottom -->
        </div> <!-- panel -->
        <div panel-name="reporter-testallsuite" class="panel">
          <div class="main-panel-header rounded-window-top">
            <span class="header-content">Reporter output for testallsuite</span>
          </div> <!-- main-panel-header rounded-window-top -->
          <div class="main-panel-content rounded-window-bottom">
            <div class="reporter-method-div">
              <span class="reporter-method-name">asetUp(chrome)</span>
              <div class="reporter-method-output-div">
                <span class="reporter-method-output">[info] 实例化谷歌浏览器_ok</span>
                <span class="reporter-method-output">[info] LoginPage使用元素文件xml：webElementInfos\LoginPage.xml</span>
                <span class="reporter-method-output">[info] 打开网址：http://hizhubang.hizhu.com</span>
                <span class="reporter-method-output">[info] 【asetUp】测试用例执行成功</span>
                <span class="reporter-method-output">[info] 【asetUp】测试用例执行成功</span>
              </div> <!-- reporter-method-output-div -->
            </div> <!-- reporter-method-div -->
            <div class="reporter-method-div">
              <span class="reporter-method-name">login(15000219169, aa123456,)</span>
              <div class="reporter-method-output-div">
                <span class="reporter-method-output">[info] 【用户名输入框】识别成功</span>
                <span class="reporter-method-output">[error] 【login】测试用例执行失败</span>
                <span class="reporter-method-output">[error] 【login】测试用例执行失败</span>
              </div> <!-- reporter-method-output-div -->
            </div> <!-- reporter-method-div -->
            <div class="reporter-method-div">
              <span class="reporter-method-name">login(15000219169, aa123456,)</span>
              <div class="reporter-method-output-div">
                <span class="reporter-method-output">[info] 【用户名输入框】识别成功</span>
                <span class="reporter-method-output">[info] 测试类：'com.uiframe.testng.TestngRetry' 中的测试方法：'login' 执行失败，重试第 1 次</span>
                <span class="reporter-method-output">[error] 【login】测试用例被跳过</span>
                <span class="reporter-method-output">[error] 【login】测试用例被跳过</span>
              </div> <!-- reporter-method-output-div -->
            </div> <!-- reporter-method-div -->
            <div class="reporter-method-div">
              <span class="reporter-method-name">login(15000219169, aa123456,)</span>
              <div class="reporter-method-output-div">
                <span class="reporter-method-output">[info] 【用户名输入框】识别成功</span>
                <span class="reporter-method-output">[info] 测试类：'com.uiframe.testng.TestngRetry' 中的测试方法：'login' 执行失败，重试第 2 次</span>
                <span class="reporter-method-output">[error] 【login】测试用例被跳过</span>
                <span class="reporter-method-output">[error] 【login】测试用例被跳过</span>
              </div> <!-- reporter-method-output-div -->
            </div> <!-- reporter-method-div -->
            <div class="reporter-method-div">
              <span class="reporter-method-name">asetUp(firefox)</span>
              <div class="reporter-method-output-div">
                <span class="reporter-method-output">[info] LoginPage使用元素文件xml：webElementInfos\LoginPage.xml</span>
                <span class="reporter-method-output">[info] 打开网址：http://hizhubang.hizhu.com</span>
                <span class="reporter-method-output">[info] 【asetUp】测试用例执行成功</span>
                <span class="reporter-method-output">[info] 【asetUp】测试用例执行成功</span>
              </div> <!-- reporter-method-output-div -->
            </div> <!-- reporter-method-div -->
            <div class="reporter-method-div">
              <span class="reporter-method-name">login(15000219168, aa123456,)</span>
              <div class="reporter-method-output-div">
                <span class="reporter-method-output">[info] 【用户名输入框】识别成功</span>
                <span class="reporter-method-output">[info] 【密码输入框】识别成功</span>
                <span class="reporter-method-output">[info] 【login】测试用例执行成功</span>
                <span class="reporter-method-output">[info] 【login】测试用例执行成功</span>
              </div> <!-- reporter-method-output-div -->
            </div> <!-- reporter-method-div -->
          </div> <!-- main-panel-content rounded-window-bottom -->
        </div> <!-- panel -->
        <div panel-name="ignored-methods-testallsuite" class="panel">
          <div class="main-panel-header rounded-window-top">
            <span class="header-content">0 ignored methods</span>
          </div> <!-- main-panel-header rounded-window-top -->
          <div class="main-panel-content rounded-window-bottom">
          </div> <!-- main-panel-content rounded-window-bottom -->
        </div> <!-- panel -->
        <div panel-name="chronological-testallsuite" class="panel">
          <div class="main-panel-header rounded-window-top">
            <span class="header-content">Methods in chronological order</span>
          </div> <!-- main-panel-header rounded-window-top -->
          <div class="main-panel-content rounded-window-bottom">
            <div class="chronological-class">
              <div class="chronological-class-name">com.uiframe.testcases.LoginCase</div> <!-- chronological-class-name -->
              <div class="test-method">
                <span class="method-name">asetUp(chrome)</span>
                <span class="method-start">0 ms</span>
              </div> <!-- test-method -->
              <div class="test-method">
                <span class="method-name">asetUp(firefox)</span>
                <span class="method-start">12 ms</span>
              </div> <!-- test-method -->
              <div class="test-method">
                <span class="method-name">login(15000219169, aa123456,)</span>
                <span class="method-start">5651 ms</span>
              </div> <!-- test-method -->
              <div class="test-method">
                <span class="method-name">login(15000219169, aa123456,)</span>
                <span class="method-start">5882 ms</span>
              </div> <!-- test-method -->
              <div class="test-method">
                <img src="failed.png">
                </img>
                <span class="method-name">login(15000219169, aa123456,)</span>
                <span class="method-start">5932 ms</span>
              </div> <!-- test-method -->
              <div class="test-method">
                <span class="method-name">login(15000219168, aa123456,)</span>
                <span class="method-start">7642 ms</span>
              </div> <!-- test-method -->
          </div> <!-- main-panel-content rounded-window-bottom -->
        </div> <!-- panel -->
      </div> <!-- main-panel-root -->
    </div> <!-- wrapper -->
  </body>
</html>
