<?xml version="1.0" encoding="UTF-8"?>
<testng-results skipped="2" failed="1" total="6" passed="3">
  <reporter-output>
    <line>
      <![CDATA[[debug] projectUrl:http://hizhubang.hizhu.com/]]>
    </line>
    <line>
      <![CDATA[[debug] screenShotPath:screenshotImgs\]]>
    </line>
    <line>
      <![CDATA[[debug] isPrintMsgToReport:3]]>
    </line>
    <line>
      <![CDATA[[debug] maxRetryTimes:2]]>
    </line>
    <line>
      <![CDATA[[debug] testCasePath:testCaseDatas\]]>
    </line>
    <line>
      <![CDATA[[debug] codeImagePath:tessdata\vrCodeImage\codeImage.png]]>
    </line>
    <line>
      <![CDATA[[debug] driverType:1]]>
    </line>
    <line>
      <![CDATA[[debug] firefoxDriver:webDrivers\geckodriver.exe]]>
    </line>
    <line>
      <![CDATA[[debug] chromeDriver:webDrivers\chromedriver.exe]]>
    </line>
    <line>
      <![CDATA[[debug] elementsPath:webElementInfos\]]>
    </line>
    <line>
      <![CDATA[[info] 测试初始化]]>
    </line>
    <line>
      <![CDATA[[info] 测试初始化]]>
    </line>
    <line>
      <![CDATA[[info] 测试初始化]]>
    </line>
    <line>
      <![CDATA[[info] 测试初始化]]>
    </line>
    <line>
      <![CDATA[[info] 【asetUp】测试用例开始执行]]>
    </line>
    <line>
      <![CDATA[[info] 【asetUp】测试用例开始执行]]>
    </line>
    <line>
      <![CDATA[[info] 【asetUp】测试用例开始执行]]>
    </line>
    <line>
      <![CDATA[[info] 【asetUp】测试用例开始执行]]>
    </line>
    <line>
      <![CDATA[[info] 实例化谷歌浏览器_ok]]>
    </line>
    <line>
      <![CDATA[[info] LoginPage使用元素文件xml：webElementInfos\LoginPage.xml]]>
    </line>
    <line>
      <![CDATA[[info] 打开网址：http://hizhubang.hizhu.com]]>
    </line>
    <line>
      <![CDATA[[info] 【asetUp】测试用例执行成功]]>
    </line>
    <line>
      <![CDATA[[info] 【asetUp】测试用例执行成功]]>
    </line>
    <line>
      <![CDATA[[info] 【login】测试用例开始执行]]>
    </line>
    <line>
      <![CDATA[[info] 【login】测试用例开始执行]]>
    </line>
    <line>
      <![CDATA[[info] 【用户名输入框】识别成功]]>
    </line>
    <line>
      <![CDATA[[info] 测试类：'com.uiframe.testng.TestngRetry' 中的测试方法：'login' 执行失败，重试第 1 次]]>
    </line>
    <line>
      <![CDATA[[error] 【login】测试用例被跳过]]>
    </line>
    <line>
      <![CDATA[[error] 【login】测试用例被跳过]]>
    </line>
    <line>
      <![CDATA[[info] 【login】测试用例开始执行]]>
    </line>
    <line>
      <![CDATA[[info] 【login】测试用例开始执行]]>
    </line>
    <line>
      <![CDATA[[info] 【用户名输入框】识别成功]]>
    </line>
    <line>
      <![CDATA[[info] 测试类：'com.uiframe.testng.TestngRetry' 中的测试方法：'login' 执行失败，重试第 2 次]]>
    </line>
    <line>
      <![CDATA[[error] 【login】测试用例被跳过]]>
    </line>
    <line>
      <![CDATA[[error] 【login】测试用例被跳过]]>
    </line>
    <line>
      <![CDATA[[info] 【login】测试用例开始执行]]>
    </line>
    <line>
      <![CDATA[[info] 【login】测试用例开始执行]]>
    </line>
    <line>
      <![CDATA[[info] 【用户名输入框】识别成功]]>
    </line>
    <line>
      <![CDATA[[error] 【login】测试用例执行失败]]>
    </line>
    <line>
      <![CDATA[[error] 【login】测试用例执行失败]]>
    </line>
    <line>
      <![CDATA[[debug] projectUrl:http://hizhubang.hizhu.com/]]>
    </line>
    <line>
      <![CDATA[[debug] screenShotPath:screenshotImgs\]]>
    </line>
    <line>
      <![CDATA[[debug] isPrintMsgToReport:3]]>
    </line>
    <line>
      <![CDATA[[debug] maxRetryTimes:2]]>
    </line>
    <line>
      <![CDATA[[debug] testCasePath:testCaseDatas\]]>
    </line>
    <line>
      <![CDATA[[debug] codeImagePath:tessdata\vrCodeImage\codeImage.png]]>
    </line>
    <line>
      <![CDATA[[debug] driverType:1]]>
    </line>
    <line>
      <![CDATA[[debug] firefoxDriver:webDrivers\geckodriver.exe]]>
    </line>
    <line>
      <![CDATA[[debug] chromeDriver:webDrivers\chromedriver.exe]]>
    </line>
    <line>
      <![CDATA[[debug] elementsPath:webElementInfos\]]>
    </line>
    <line>
      <![CDATA[[info] 测试初始化]]>
    </line>
    <line>
      <![CDATA[[info] 测试初始化]]>
    </line>
    <line>
      <![CDATA[[info] 测试初始化]]>
    </line>
    <line>
      <![CDATA[[info] 测试初始化]]>
    </line>
    <line>
      <![CDATA[[info] 【asetUp】测试用例开始执行]]>
    </line>
    <line>
      <![CDATA[[info] 【asetUp】测试用例开始执行]]>
    </line>
    <line>
      <![CDATA[[info] 【asetUp】测试用例开始执行]]>
    </line>
    <line>
      <![CDATA[[info] 【asetUp】测试用例开始执行]]>
    </line>
    <line>
      <![CDATA[[info] LoginPage使用元素文件xml：webElementInfos\LoginPage.xml]]>
    </line>
    <line>
      <![CDATA[[info] 打开网址：http://hizhubang.hizhu.com]]>
    </line>
    <line>
      <![CDATA[[info] 【asetUp】测试用例执行成功]]>
    </line>
    <line>
      <![CDATA[[info] 【asetUp】测试用例执行成功]]>
    </line>
    <line>
      <![CDATA[[info] 【login】测试用例开始执行]]>
    </line>
    <line>
      <![CDATA[[info] 【login】测试用例开始执行]]>
    </line>
    <line>
      <![CDATA[[info] 【用户名输入框】识别成功]]>
    </line>
    <line>
      <![CDATA[[info] 【密码输入框】识别成功]]>
    </line>
    <line>
      <![CDATA[[info] 【login】测试用例执行成功]]>
    </line>
    <line>
      <![CDATA[[info] 【login】测试用例执行成功]]>
    </line>
  </reporter-output>
  <suite name="testallsuite" duration-ms="7771" started-at="2018-07-26T06:58:46Z" finished-at="2018-07-26T06:58:54Z">
    <groups>
    </groups>
    <test name="2" duration-ms="6002" started-at="2018-07-26T06:58:46Z" finished-at="2018-07-26T06:58:52Z">
      <class name="com.uiframe.testcases.LoginCase">
        <test-method status="PASS" signature="asetUp(java.lang.String)[pri:0, instance:com.uiframe.testcases.LoginCase@443118b0]" name="asetUp" duration-ms="5643" started-at="2018-07-26T14:58:46Z" finished-at="2018-07-26T14:58:52Z">
          <params>
            <param index="0">
              <value>
                <![CDATA[chrome]]>
              </value>
            </param>
          </params>
          <reporter-output>
            <line>
              <![CDATA[[info] 实例化谷歌浏览器_ok]]>
            </line>
            <line>
              <![CDATA[[info] LoginPage使用元素文件xml：webElementInfos\LoginPage.xml]]>
            </line>
            <line>
              <![CDATA[[info] 打开网址：http://hizhubang.hizhu.com]]>
            </line>
            <line>
              <![CDATA[[info] 【asetUp】测试用例执行成功]]>
            </line>
            <line>
              <![CDATA[[info] 【asetUp】测试用例执行成功]]>
            </line>
          </reporter-output>
        </test-method> <!-- asetUp -->
        <test-method status="SKIP" signature="login(java.lang.String, java.lang.String)[pri:0, instance:com.uiframe.testcases.LoginCase@443118b0]" name="login" duration-ms="222" started-at="2018-07-26T14:58:52Z" finished-at="2018-07-26T14:58:52Z">
          <params>
            <param index="0">
              <value>
                <![CDATA[15000219169]]>
              </value>
            </param>
            <param index="1">
              <value>
                <![CDATA[aa123456,]]>
              </value>
            </param>
          </params>
          <exception class="org.openqa.selenium.WebDriverException">
            <message>
              <![CDATA[unknown error: call function result missing 'value'
  (Session info: chrome=66.0.3359.181)
  (Driver info: chromedriver=2.31.488763 (092de99f48a300323ecf8c2a4e2e7cab51de5ba8),platform=Windows NT 6.1.7601 SP1 x86_64) (WARNING: The server did not provide any stacktrace information)
Command duration or timeout: 0 milliseconds
Build info: version: '3.11.0', revision: 'e59cfb3', time: '2018-03-11T20:26:55.152Z'
System info: host: '桂宝元', ip: '192.168.10.91', os.name: 'Windows 7', os.arch: 'amd64', os.version: '6.1', java.version: '1.8.0_171'
Driver info: org.openqa.selenium.chrome.ChromeDriver
Capabilities {acceptSslCerts: true, applicationCacheEnabled: false, browserConnectionEnabled: false, browserName: chrome, chrome: {chromedriverVersion: 2.31.488763 (092de99f48a300..., userDataDir: C:\Users\ADMINI~1\AppData\L...}, cssSelectorsEnabled: true, databaseEnabled: false, handlesAlerts: true, hasTouchScreen: false, javascriptEnabled: true, locationContextEnabled: true, mobileEmulationEnabled: false, nativeEvents: true, networkConnectionEnabled: false, pageLoadStrategy: normal, platform: XP, platformName: XP, rotatable: false, setWindowRect: true, takesHeapSnapshot: true, takesScreenshot: true, unexpectedAlertBehaviour: , unhandledPromptBehavior: , version: 66.0.3359.181, webStorageEnabled: true}
Session ID: 6f432460566b41d5a865e03f1e99cfa3]]>
            </message>
            <full-stacktrace>
              <![CDATA[org.openqa.selenium.WebDriverException: unknown error: call function result missing 'value'
  (Session info: chrome=66.0.3359.181)
  (Driver info: chromedriver=2.31.488763 (092de99f48a300323ecf8c2a4e2e7cab51de5ba8),platform=Windows NT 6.1.7601 SP1 x86_64) (WARNING: The server did not provide any stacktrace information)
Command duration or timeout: 0 milliseconds
Build info: version: '3.11.0', revision: 'e59cfb3', time: '2018-03-11T20:26:55.152Z'
System info: host: '桂宝元', ip: '192.168.10.91', os.name: 'Windows 7', os.arch: 'amd64', os.version: '6.1', java.version: '1.8.0_171'
Driver info: org.openqa.selenium.chrome.ChromeDriver
Capabilities {acceptSslCerts: true, applicationCacheEnabled: false, browserConnectionEnabled: false, browserName: chrome, chrome: {chromedriverVersion: 2.31.488763 (092de99f48a300..., userDataDir: C:\Users\ADMINI~1\AppData\L...}, cssSelectorsEnabled: true, databaseEnabled: false, handlesAlerts: true, hasTouchScreen: false, javascriptEnabled: true, locationContextEnabled: true, mobileEmulationEnabled: false, nativeEvents: true, networkConnectionEnabled: false, pageLoadStrategy: normal, platform: XP, platformName: XP, rotatable: false, setWindowRect: true, takesHeapSnapshot: true, takesScreenshot: true, unexpectedAlertBehaviour: , unhandledPromptBehavior: , version: 66.0.3359.181, webStorageEnabled: true}
Session ID: 6f432460566b41d5a865e03f1e99cfa3
	at sun.reflect.NativeConstructorAccessorImpl.newInstance0(Native Method)
	at sun.reflect.NativeConstructorAccessorImpl.newInstance(Unknown Source)
	at sun.reflect.DelegatingConstructorAccessorImpl.newInstance(Unknown Source)
	at java.lang.reflect.Constructor.newInstance(Unknown Source)
	at org.openqa.selenium.remote.ErrorHandler.createThrowable(ErrorHandler.java:214)
	at org.openqa.selenium.remote.ErrorHandler.throwIfResponseFailed(ErrorHandler.java:166)
	at org.openqa.selenium.remote.http.JsonHttpResponseCodec.reconstructValue(JsonHttpResponseCodec.java:40)
	at org.openqa.selenium.remote.http.AbstractHttpResponseCodec.decode(AbstractHttpResponseCodec.java:80)
	at org.openqa.selenium.remote.http.AbstractHttpResponseCodec.decode(AbstractHttpResponseCodec.java:44)
	at org.openqa.selenium.remote.HttpCommandExecutor.execute(HttpCommandExecutor.java:158)
	at org.openqa.selenium.remote.service.DriverCommandExecutor.execute(DriverCommandExecutor.java:83)
	at org.openqa.selenium.remote.RemoteWebDriver.execute(RemoteWebDriver.java:545)
	at org.openqa.selenium.remote.RemoteWebElement.execute(RemoteWebElement.java:279)
	at org.openqa.selenium.remote.RemoteWebElement.sendKeys(RemoteWebElement.java:100)
	at com.uiframe.testcases.LoginCase.login(LoginCase.java:63)
	at sun.reflect.NativeMethodAccessorImpl.invoke0(Native Method)
	at sun.reflect.NativeMethodAccessorImpl.invoke(Unknown Source)
	at sun.reflect.DelegatingMethodAccessorImpl.invoke(Unknown Source)
	at java.lang.reflect.Method.invoke(Unknown Source)
	at org.testng.internal.MethodInvocationHelper.invokeMethod(MethodInvocationHelper.java:86)
	at org.testng.internal.Invoker.invokeMethod(Invoker.java:643)
	at org.testng.internal.Invoker.invokeTestMethod(Invoker.java:820)
	at org.testng.internal.Invoker.invokeTestMethods(Invoker.java:1128)
	at org.testng.internal.TestMethodWorker.invokeTestMethods(TestMethodWorker.java:129)
	at org.testng.internal.TestMethodWorker.run(TestMethodWorker.java:112)
	at org.testng.TestRunner.privateRun(TestRunner.java:782)
	at org.testng.TestRunner.run(TestRunner.java:632)
	at org.testng.SuiteRunner.runTest(SuiteRunner.java:366)
	at org.testng.SuiteRunner.access$000(SuiteRunner.java:39)
	at org.testng.SuiteRunner$SuiteWorker.run(SuiteRunner.java:400)
	at org.testng.internal.thread.ThreadUtil$2.call(ThreadUtil.java:64)
	at java.util.concurrent.FutureTask.run(Unknown Source)
	at java.util.concurrent.ThreadPoolExecutor.runWorker(Unknown Source)
	at java.util.concurrent.ThreadPoolExecutor$Worker.run(Unknown Source)
	at java.lang.Thread.run(Unknown Source)
]]>
            </full-stacktrace>
          </exception> <!-- org.openqa.selenium.WebDriverException -->
          <reporter-output>
            <line>
              <![CDATA[[info] 【用户名输入框】识别成功]]>
            </line>
            <line>
              <![CDATA[[info] 测试类：'com.uiframe.testng.TestngRetry' 中的测试方法：'login' 执行失败，重试第 1 次]]>
            </line>
            <line>
              <![CDATA[[error] 【login】测试用例被跳过]]>
            </line>
            <line>
              <![CDATA[[error] 【login】测试用例被跳过]]>
            </line>
          </reporter-output>
        </test-method> <!-- login -->
        <test-method status="SKIP" signature="login(java.lang.String, java.lang.String)[pri:0, instance:com.uiframe.testcases.LoginCase@443118b0]" name="login" duration-ms="46" started-at="2018-07-26T14:58:52Z" finished-at="2018-07-26T14:58:52Z">
          <params>
            <param index="0">
              <value>
                <![CDATA[15000219169]]>
              </value>
            </param>
            <param index="1">
              <value>
                <![CDATA[aa123456,]]>
              </value>
            </param>
          </params>
          <exception class="org.openqa.selenium.WebDriverException">
            <message>
              <![CDATA[unknown error: call function result missing 'value'
  (Session info: chrome=66.0.3359.181)
  (Driver info: chromedriver=2.31.488763 (092de99f48a300323ecf8c2a4e2e7cab51de5ba8),platform=Windows NT 6.1.7601 SP1 x86_64) (WARNING: The server did not provide any stacktrace information)
Command duration or timeout: 0 milliseconds
Build info: version: '3.11.0', revision: 'e59cfb3', time: '2018-03-11T20:26:55.152Z'
System info: host: '桂宝元', ip: '192.168.10.91', os.name: 'Windows 7', os.arch: 'amd64', os.version: '6.1', java.version: '1.8.0_171'
Driver info: org.openqa.selenium.chrome.ChromeDriver
Capabilities {acceptSslCerts: true, applicationCacheEnabled: false, browserConnectionEnabled: false, browserName: chrome, chrome: {chromedriverVersion: 2.31.488763 (092de99f48a300..., userDataDir: C:\Users\ADMINI~1\AppData\L...}, cssSelectorsEnabled: true, databaseEnabled: false, handlesAlerts: true, hasTouchScreen: false, javascriptEnabled: true, locationContextEnabled: true, mobileEmulationEnabled: false, nativeEvents: true, networkConnectionEnabled: false, pageLoadStrategy: normal, platform: XP, platformName: XP, rotatable: false, setWindowRect: true, takesHeapSnapshot: true, takesScreenshot: true, unexpectedAlertBehaviour: , unhandledPromptBehavior: , version: 66.0.3359.181, webStorageEnabled: true}
Session ID: 6f432460566b41d5a865e03f1e99cfa3]]>
            </message>
            <full-stacktrace>
              <![CDATA[org.openqa.selenium.WebDriverException: unknown error: call function result missing 'value'
  (Session info: chrome=66.0.3359.181)
  (Driver info: chromedriver=2.31.488763 (092de99f48a300323ecf8c2a4e2e7cab51de5ba8),platform=Windows NT 6.1.7601 SP1 x86_64) (WARNING: The server did not provide any stacktrace information)
Command duration or timeout: 0 milliseconds
Build info: version: '3.11.0', revision: 'e59cfb3', time: '2018-03-11T20:26:55.152Z'
System info: host: '桂宝元', ip: '192.168.10.91', os.name: 'Windows 7', os.arch: 'amd64', os.version: '6.1', java.version: '1.8.0_171'
Driver info: org.openqa.selenium.chrome.ChromeDriver
Capabilities {acceptSslCerts: true, applicationCacheEnabled: false, browserConnectionEnabled: false, browserName: chrome, chrome: {chromedriverVersion: 2.31.488763 (092de99f48a300..., userDataDir: C:\Users\ADMINI~1\AppData\L...}, cssSelectorsEnabled: true, databaseEnabled: false, handlesAlerts: true, hasTouchScreen: false, javascriptEnabled: true, locationContextEnabled: true, mobileEmulationEnabled: false, nativeEvents: true, networkConnectionEnabled: false, pageLoadStrategy: normal, platform: XP, platformName: XP, rotatable: false, setWindowRect: true, takesHeapSnapshot: true, takesScreenshot: true, unexpectedAlertBehaviour: , unhandledPromptBehavior: , version: 66.0.3359.181, webStorageEnabled: true}
Session ID: 6f432460566b41d5a865e03f1e99cfa3
	at sun.reflect.NativeConstructorAccessorImpl.newInstance0(Native Method)
	at sun.reflect.NativeConstructorAccessorImpl.newInstance(Unknown Source)
	at sun.reflect.DelegatingConstructorAccessorImpl.newInstance(Unknown Source)
	at java.lang.reflect.Constructor.newInstance(Unknown Source)
	at org.openqa.selenium.remote.ErrorHandler.createThrowable(ErrorHandler.java:214)
	at org.openqa.selenium.remote.ErrorHandler.throwIfResponseFailed(ErrorHandler.java:166)
	at org.openqa.selenium.remote.http.JsonHttpResponseCodec.reconstructValue(JsonHttpResponseCodec.java:40)
	at org.openqa.selenium.remote.http.AbstractHttpResponseCodec.decode(AbstractHttpResponseCodec.java:80)
	at org.openqa.selenium.remote.http.AbstractHttpResponseCodec.decode(AbstractHttpResponseCodec.java:44)
	at org.openqa.selenium.remote.HttpCommandExecutor.execute(HttpCommandExecutor.java:158)
	at org.openqa.selenium.remote.service.DriverCommandExecutor.execute(DriverCommandExecutor.java:83)
	at org.openqa.selenium.remote.RemoteWebDriver.execute(RemoteWebDriver.java:545)
	at org.openqa.selenium.remote.RemoteWebElement.execute(RemoteWebElement.java:279)
	at org.openqa.selenium.remote.RemoteWebElement.sendKeys(RemoteWebElement.java:100)
	at com.uiframe.testcases.LoginCase.login(LoginCase.java:63)
	at sun.reflect.NativeMethodAccessorImpl.invoke0(Native Method)
	at sun.reflect.NativeMethodAccessorImpl.invoke(Unknown Source)
	at sun.reflect.DelegatingMethodAccessorImpl.invoke(Unknown Source)
	at java.lang.reflect.Method.invoke(Unknown Source)
	at org.testng.internal.MethodInvocationHelper.invokeMethod(MethodInvocationHelper.java:86)
	at org.testng.internal.Invoker.invokeMethod(Invoker.java:643)
	at org.testng.internal.Invoker.retryFailed(Invoker.java:967)
	at org.testng.internal.Invoker.invokeTestMethods(Invoker.java:1146)
	at org.testng.internal.TestMethodWorker.invokeTestMethods(TestMethodWorker.java:129)
	at org.testng.internal.TestMethodWorker.run(TestMethodWorker.java:112)
	at org.testng.TestRunner.privateRun(TestRunner.java:782)
	at org.testng.TestRunner.run(TestRunner.java:632)
	at org.testng.SuiteRunner.runTest(SuiteRunner.java:366)
	at org.testng.SuiteRunner.access$000(SuiteRunner.java:39)
	at org.testng.SuiteRunner$SuiteWorker.run(SuiteRunner.java:400)
	at org.testng.internal.thread.ThreadUtil$2.call(ThreadUtil.java:64)
	at java.util.concurrent.FutureTask.run(Unknown Source)
	at java.util.concurrent.ThreadPoolExecutor.runWorker(Unknown Source)
	at java.util.concurrent.ThreadPoolExecutor$Worker.run(Unknown Source)
	at java.lang.Thread.run(Unknown Source)
]]>
            </full-stacktrace>
          </exception> <!-- org.openqa.selenium.WebDriverException -->
          <reporter-output>
            <line>
              <![CDATA[[info] 【用户名输入框】识别成功]]>
            </line>
            <line>
              <![CDATA[[info] 测试类：'com.uiframe.testng.TestngRetry' 中的测试方法：'login' 执行失败，重试第 2 次]]>
            </line>
            <line>
              <![CDATA[[error] 【login】测试用例被跳过]]>
            </line>
            <line>
              <![CDATA[[error] 【login】测试用例被跳过]]>
            </line>
          </reporter-output>
        </test-method> <!-- login -->
        <test-method status="FAIL" signature="login(java.lang.String, java.lang.String)[pri:0, instance:com.uiframe.testcases.LoginCase@443118b0]" name="login" duration-ms="46" started-at="2018-07-26T14:58:52Z" finished-at="2018-07-26T14:58:52Z">
          <params>
            <param index="0">
              <value>
                <![CDATA[15000219169]]>
              </value>
            </param>
            <param index="1">
              <value>
                <![CDATA[aa123456,]]>
              </value>
            </param>
          </params>
          <exception class="org.openqa.selenium.WebDriverException">
            <message>
              <![CDATA[unknown error: call function result missing 'value'
  (Session info: chrome=66.0.3359.181)
  (Driver info: chromedriver=2.31.488763 (092de99f48a300323ecf8c2a4e2e7cab51de5ba8),platform=Windows NT 6.1.7601 SP1 x86_64) (WARNING: The server did not provide any stacktrace information)
Command duration or timeout: 0 milliseconds
Build info: version: '3.11.0', revision: 'e59cfb3', time: '2018-03-11T20:26:55.152Z'
System info: host: '桂宝元', ip: '192.168.10.91', os.name: 'Windows 7', os.arch: 'amd64', os.version: '6.1', java.version: '1.8.0_171'
Driver info: org.openqa.selenium.chrome.ChromeDriver
Capabilities {acceptSslCerts: true, applicationCacheEnabled: false, browserConnectionEnabled: false, browserName: chrome, chrome: {chromedriverVersion: 2.31.488763 (092de99f48a300..., userDataDir: C:\Users\ADMINI~1\AppData\L...}, cssSelectorsEnabled: true, databaseEnabled: false, handlesAlerts: true, hasTouchScreen: false, javascriptEnabled: true, locationContextEnabled: true, mobileEmulationEnabled: false, nativeEvents: true, networkConnectionEnabled: false, pageLoadStrategy: normal, platform: XP, platformName: XP, rotatable: false, setWindowRect: true, takesHeapSnapshot: true, takesScreenshot: true, unexpectedAlertBehaviour: , unhandledPromptBehavior: , version: 66.0.3359.181, webStorageEnabled: true}
Session ID: 6f432460566b41d5a865e03f1e99cfa3]]>
            </message>
            <full-stacktrace>
              <![CDATA[org.openqa.selenium.WebDriverException: unknown error: call function result missing 'value'
  (Session info: chrome=66.0.3359.181)
  (Driver info: chromedriver=2.31.488763 (092de99f48a300323ecf8c2a4e2e7cab51de5ba8),platform=Windows NT 6.1.7601 SP1 x86_64) (WARNING: The server did not provide any stacktrace information)
Command duration or timeout: 0 milliseconds
Build info: version: '3.11.0', revision: 'e59cfb3', time: '2018-03-11T20:26:55.152Z'
System info: host: '桂宝元', ip: '192.168.10.91', os.name: 'Windows 7', os.arch: 'amd64', os.version: '6.1', java.version: '1.8.0_171'
Driver info: org.openqa.selenium.chrome.ChromeDriver
Capabilities {acceptSslCerts: true, applicationCacheEnabled: false, browserConnectionEnabled: false, browserName: chrome, chrome: {chromedriverVersion: 2.31.488763 (092de99f48a300..., userDataDir: C:\Users\ADMINI~1\AppData\L...}, cssSelectorsEnabled: true, databaseEnabled: false, handlesAlerts: true, hasTouchScreen: false, javascriptEnabled: true, locationContextEnabled: true, mobileEmulationEnabled: false, nativeEvents: true, networkConnectionEnabled: false, pageLoadStrategy: normal, platform: XP, platformName: XP, rotatable: false, setWindowRect: true, takesHeapSnapshot: true, takesScreenshot: true, unexpectedAlertBehaviour: , unhandledPromptBehavior: , version: 66.0.3359.181, webStorageEnabled: true}
Session ID: 6f432460566b41d5a865e03f1e99cfa3
	at sun.reflect.NativeConstructorAccessorImpl.newInstance0(Native Method)
	at sun.reflect.NativeConstructorAccessorImpl.newInstance(Unknown Source)
	at sun.reflect.DelegatingConstructorAccessorImpl.newInstance(Unknown Source)
	at java.lang.reflect.Constructor.newInstance(Unknown Source)
	at org.openqa.selenium.remote.ErrorHandler.createThrowable(ErrorHandler.java:214)
	at org.openqa.selenium.remote.ErrorHandler.throwIfResponseFailed(ErrorHandler.java:166)
	at org.openqa.selenium.remote.http.JsonHttpResponseCodec.reconstructValue(JsonHttpResponseCodec.java:40)
	at org.openqa.selenium.remote.http.AbstractHttpResponseCodec.decode(AbstractHttpResponseCodec.java:80)
	at org.openqa.selenium.remote.http.AbstractHttpResponseCodec.decode(AbstractHttpResponseCodec.java:44)
	at org.openqa.selenium.remote.HttpCommandExecutor.execute(HttpCommandExecutor.java:158)
	at org.openqa.selenium.remote.service.DriverCommandExecutor.execute(DriverCommandExecutor.java:83)
	at org.openqa.selenium.remote.RemoteWebDriver.execute(RemoteWebDriver.java:545)
	at org.openqa.selenium.remote.RemoteWebElement.execute(RemoteWebElement.java:279)
	at org.openqa.selenium.remote.RemoteWebElement.sendKeys(RemoteWebElement.java:100)
	at com.uiframe.testcases.LoginCase.login(LoginCase.java:63)
	at sun.reflect.NativeMethodAccessorImpl.invoke0(Native Method)
	at sun.reflect.NativeMethodAccessorImpl.invoke(Unknown Source)
	at sun.reflect.DelegatingMethodAccessorImpl.invoke(Unknown Source)
	at java.lang.reflect.Method.invoke(Unknown Source)
	at org.testng.internal.MethodInvocationHelper.invokeMethod(MethodInvocationHelper.java:86)
	at org.testng.internal.Invoker.invokeMethod(Invoker.java:643)
	at org.testng.internal.Invoker.retryFailed(Invoker.java:967)
	at org.testng.internal.Invoker.invokeTestMethods(Invoker.java:1146)
	at org.testng.internal.TestMethodWorker.invokeTestMethods(TestMethodWorker.java:129)
	at org.testng.internal.TestMethodWorker.run(TestMethodWorker.java:112)
	at org.testng.TestRunner.privateRun(TestRunner.java:782)
	at org.testng.TestRunner.run(TestRunner.java:632)
	at org.testng.SuiteRunner.runTest(SuiteRunner.java:366)
	at org.testng.SuiteRunner.access$000(SuiteRunner.java:39)
	at org.testng.SuiteRunner$SuiteWorker.run(SuiteRunner.java:400)
	at org.testng.internal.thread.ThreadUtil$2.call(ThreadUtil.java:64)
	at java.util.concurrent.FutureTask.run(Unknown Source)
	at java.util.concurrent.ThreadPoolExecutor.runWorker(Unknown Source)
	at java.util.concurrent.ThreadPoolExecutor$Worker.run(Unknown Source)
	at java.lang.Thread.run(Unknown Source)
]]>
            </full-stacktrace>
          </exception> <!-- org.openqa.selenium.WebDriverException -->
          <reporter-output>
            <line>
              <![CDATA[[info] 【用户名输入框】识别成功]]>
            </line>
            <line>
              <![CDATA[[error] 【login】测试用例执行失败]]>
            </line>
            <line>
              <![CDATA[[error] 【login】测试用例执行失败]]>
            </line>
          </reporter-output>
        </test-method> <!-- login -->
      </class> <!-- com.uiframe.testcases.LoginCase -->
    </test> <!-- 2 -->
    <test name="158adxtest" duration-ms="7771" started-at="2018-07-26T06:58:46Z" finished-at="2018-07-26T06:58:54Z">
      <class name="com.uiframe.testcases.LoginCase">
        <test-method status="PASS" signature="asetUp(java.lang.String)[pri:0, instance:com.uiframe.testcases.LoginCase@692f203f]" name="asetUp" duration-ms="7627" started-at="2018-07-26T14:58:46Z" finished-at="2018-07-26T14:58:54Z">
          <params>
            <param index="0">
              <value>
                <![CDATA[firefox]]>
              </value>
            </param>
          </params>
          <reporter-output>
            <line>
              <![CDATA[[info] LoginPage使用元素文件xml：webElementInfos\LoginPage.xml]]>
            </line>
            <line>
              <![CDATA[[info] 打开网址：http://hizhubang.hizhu.com]]>
            </line>
            <line>
              <![CDATA[[info] 【asetUp】测试用例执行成功]]>
            </line>
            <line>
              <![CDATA[[info] 【asetUp】测试用例执行成功]]>
            </line>
          </reporter-output>
        </test-method> <!-- asetUp -->
        <test-method status="PASS" signature="login(java.lang.String, java.lang.String)[pri:0, instance:com.uiframe.testcases.LoginCase@692f203f]" name="login" duration-ms="107" started-at="2018-07-26T14:58:54Z" finished-at="2018-07-26T14:58:54Z">
          <params>
            <param index="0">
              <value>
                <![CDATA[15000219168]]>
              </value>
            </param>
            <param index="1">
              <value>
                <![CDATA[aa123456,]]>
              </value>
            </param>
          </params>
          <reporter-output>
            <line>
              <![CDATA[[info] 【用户名输入框】识别成功]]>
            </line>
            <line>
              <![CDATA[[info] 【密码输入框】识别成功]]>
            </line>
            <line>
              <![CDATA[[info] 【login】测试用例执行成功]]>
            </line>
            <line>
              <![CDATA[[info] 【login】测试用例执行成功]]>
            </line>
          </reporter-output>
        </test-method> <!-- login -->
      </class> <!-- com.uiframe.testcases.LoginCase -->
    </test> <!-- 158adxtest -->
  </suite> <!-- testallsuite -->
</testng-results>
